running egg_info
creating ../../build/motor_input/motor_input.egg-info
writing ../../build/motor_input/motor_input.egg-info/PKG-INFO
writing dependency_links to ../../build/motor_input/motor_input.egg-info/dependency_links.txt
writing entry points to ../../build/motor_input/motor_input.egg-info/entry_points.txt
writing requirements to ../../build/motor_input/motor_input.egg-info/requires.txt
writing top-level names to ../../build/motor_input/motor_input.egg-info/top_level.txt
writing manifest file '../../build/motor_input/motor_input.egg-info/SOURCES.txt'
reading manifest file '../../build/motor_input/motor_input.egg-info/SOURCES.txt'
writing manifest file '../../build/motor_input/motor_input.egg-info/SOURCES.txt'
running build
running build_py
creating /home/reiv/workspace/RetoFinal/ros/build/motor_input/build
creating /home/reiv/workspace/RetoFinal/ros/build/motor_input/build/lib
creating /home/reiv/workspace/RetoFinal/ros/build/motor_input/build/lib/motor_input
copying motor_input/__init__.py -> /home/reiv/workspace/RetoFinal/ros/build/motor_input/build/lib/motor_input
running install
running install_lib
creating /home/reiv/workspace/RetoFinal/ros/install/motor_input/lib/python3.10/site-packages/motor_input
copying /home/reiv/workspace/RetoFinal/ros/build/motor_input/build/lib/motor_input/__init__.py -> /home/reiv/workspace/RetoFinal/ros/install/motor_input/lib/python3.10/site-packages/motor_input
byte-compiling /home/reiv/workspace/RetoFinal/ros/install/motor_input/lib/python3.10/site-packages/motor_input/__init__.py to __init__.cpython-310.pyc
running install_data
creating /home/reiv/workspace/RetoFinal/ros/install/motor_input/share/ament_index
creating /home/reiv/workspace/RetoFinal/ros/install/motor_input/share/ament_index/resource_index
creating /home/reiv/workspace/RetoFinal/ros/install/motor_input/share/ament_index/resource_index/packages
copying resource/motor_input -> /home/reiv/workspace/RetoFinal/ros/install/motor_input/share/ament_index/resource_index/packages
copying package.xml -> /home/reiv/workspace/RetoFinal/ros/install/motor_input/share/motor_input
running install_egg_info
Copying ../../build/motor_input/motor_input.egg-info to /home/reiv/workspace/RetoFinal/ros/install/motor_input/lib/python3.10/site-packages/motor_input-0.0.0-py3.10.egg-info
running install_scripts
writing list of installed files to '/home/reiv/workspace/RetoFinal/ros/build/motor_input/install.log'
