[0.820s] Invoking command in '/home/reiv/workspace/MR_week2/Challenge_2/src/motor_control': PS1=\[\e]0;\u@\h: \w\a\]${debian_chroot:+($debian_chroot)}\[\033[01;32m\]\u@\h\[\033[00m\]:\[\033[01;34m\]\w\[\033[00m\]\$ PYTHONPATH=/home/reiv/workspace/MR_week2/Challenge_2/build/motor_control/prefix_override:/usr/lib/python3/dist-packages/colcon_core/task/python/colcon_distutils_commands:/home/reiv/workspace/MR_week2/Challenge_2/install/motor_control/lib/python3.10/site-packages:${PYTHONPATH} /usr/bin/python3 -W ignore:setup.py install is deprecated -W ignore:easy_install command is deprecated setup.py egg_info --egg-base ../../build/motor_control build --build-base /home/reiv/workspace/MR_week2/Challenge_2/build/motor_control/build install --record /home/reiv/workspace/MR_week2/Challenge_2/build/motor_control/install.log --single-version-externally-managed install_data
[1.056s] running egg_info
[1.056s] writing ../../build/motor_control/motor_control.egg-info/PKG-INFO
[1.056s] writing dependency_links to ../../build/motor_control/motor_control.egg-info/dependency_links.txt
[1.056s] writing entry points to ../../build/motor_control/motor_control.egg-info/entry_points.txt
[1.057s] writing requirements to ../../build/motor_control/motor_control.egg-info/requires.txt
[1.057s] writing top-level names to ../../build/motor_control/motor_control.egg-info/top_level.txt
[1.059s] reading manifest file '../../build/motor_control/motor_control.egg-info/SOURCES.txt'
[1.059s] adding license file 'LICENSE'
[1.060s] writing manifest file '../../build/motor_control/motor_control.egg-info/SOURCES.txt'
[1.060s] running build
[1.060s] running build_py
[1.060s] copying motor_control/controller.py -> /home/reiv/workspace/MR_week2/Challenge_2/build/motor_control/build/lib/motor_control
[1.061s] running install
[1.061s] running install_lib
[1.062s] copying /home/reiv/workspace/MR_week2/Challenge_2/build/motor_control/build/lib/motor_control/controller.py -> /home/reiv/workspace/MR_week2/Challenge_2/install/motor_control/lib/python3.10/site-packages/motor_control
[1.063s] byte-compiling /home/reiv/workspace/MR_week2/Challenge_2/install/motor_control/lib/python3.10/site-packages/motor_control/controller.py to controller.cpython-310.pyc
[1.064s] running install_data
[1.065s] copying launch/motor_launch.py -> /home/reiv/workspace/MR_week2/Challenge_2/install/motor_control/share/motor_control/launch
[1.065s] running install_egg_info
[1.067s] removing '/home/reiv/workspace/MR_week2/Challenge_2/install/motor_control/lib/python3.10/site-packages/motor_control-0.0.0-py3.10.egg-info' (and everything under it)
[1.067s] Copying ../../build/motor_control/motor_control.egg-info to /home/reiv/workspace/MR_week2/Challenge_2/install/motor_control/lib/python3.10/site-packages/motor_control-0.0.0-py3.10.egg-info
[1.068s] running install_scripts
[1.089s] Installing controller script to /home/reiv/workspace/MR_week2/Challenge_2/install/motor_control/lib/motor_control
[1.089s] Installing dc_motor script to /home/reiv/workspace/MR_week2/Challenge_2/install/motor_control/lib/motor_control
[1.089s] Installing set_point script to /home/reiv/workspace/MR_week2/Challenge_2/install/motor_control/lib/motor_control
[1.089s] writing list of installed files to '/home/reiv/workspace/MR_week2/Challenge_2/build/motor_control/install.log'
[1.130s] Invoked command in '/home/reiv/workspace/MR_week2/Challenge_2/src/motor_control' returned '0': PS1=\[\e]0;\u@\h: \w\a\]${debian_chroot:+($debian_chroot)}\[\033[01;32m\]\u@\h\[\033[00m\]:\[\033[01;34m\]\w\[\033[00m\]\$ PYTHONPATH=/home/reiv/workspace/MR_week2/Challenge_2/build/motor_control/prefix_override:/usr/lib/python3/dist-packages/colcon_core/task/python/colcon_distutils_commands:/home/reiv/workspace/MR_week2/Challenge_2/install/motor_control/lib/python3.10/site-packages:${PYTHONPATH} /usr/bin/python3 -W ignore:setup.py install is deprecated -W ignore:easy_install command is deprecated setup.py egg_info --egg-base ../../build/motor_control build --build-base /home/reiv/workspace/MR_week2/Challenge_2/build/motor_control/build install --record /home/reiv/workspace/MR_week2/Challenge_2/build/motor_control/install.log --single-version-externally-managed install_data
