[0.472s] Invoking command in '/home/reiv/workspace/MR_week2/Challenge_2/src/motor_control': PYTHONPATH=/home/reiv/workspace/MR_week2/Challenge_2/build/motor_control/prefix_override:/usr/lib/python3/dist-packages/colcon_core/task/python/colcon_distutils_commands:/home/reiv/workspace/MR_week2/Challenge_2/install/motor_control/lib/python3.10/site-packages:${PYTHONPATH} /usr/bin/python3 -W ignore:setup.py install is deprecated -W ignore:easy_install command is deprecated setup.py egg_info --egg-base ../../build/motor_control build --build-base /home/reiv/workspace/MR_week2/Challenge_2/build/motor_control/build install --record /home/reiv/workspace/MR_week2/Challenge_2/build/motor_control/install.log --single-version-externally-managed install_data
[0.634s] running egg_info
[0.634s] writing ../../build/motor_control/motor_control.egg-info/PKG-INFO
[0.635s] writing dependency_links to ../../build/motor_control/motor_control.egg-info/dependency_links.txt
[0.635s] writing entry points to ../../build/motor_control/motor_control.egg-info/entry_points.txt
[0.636s] writing requirements to ../../build/motor_control/motor_control.egg-info/requires.txt
[0.636s] writing top-level names to ../../build/motor_control/motor_control.egg-info/top_level.txt
[0.637s] reading manifest file '../../build/motor_control/motor_control.egg-info/SOURCES.txt'
[0.637s] adding license file 'LICENSE'
[0.638s] writing manifest file '../../build/motor_control/motor_control.egg-info/SOURCES.txt'
[0.638s] running build
[0.638s] running build_py
[0.638s] copying motor_control/controller.py -> /home/reiv/workspace/MR_week2/Challenge_2/build/motor_control/build/lib/motor_control
[0.639s] running install
[0.639s] running install_lib
[0.639s] copying /home/reiv/workspace/MR_week2/Challenge_2/build/motor_control/build/lib/motor_control/controller.py -> /home/reiv/workspace/MR_week2/Challenge_2/install/motor_control/lib/python3.10/site-packages/motor_control
[0.640s] byte-compiling /home/reiv/workspace/MR_week2/Challenge_2/install/motor_control/lib/python3.10/site-packages/motor_control/controller.py to controller.cpython-310.pyc
[0.640s] running install_data
[0.641s] running install_egg_info
[0.642s] removing '/home/reiv/workspace/MR_week2/Challenge_2/install/motor_control/lib/python3.10/site-packages/motor_control-0.0.0-py3.10.egg-info' (and everything under it)
[0.642s] Copying ../../build/motor_control/motor_control.egg-info to /home/reiv/workspace/MR_week2/Challenge_2/install/motor_control/lib/python3.10/site-packages/motor_control-0.0.0-py3.10.egg-info
[0.643s] running install_scripts
[0.658s] Installing controller script to /home/reiv/workspace/MR_week2/Challenge_2/install/motor_control/lib/motor_control
[0.658s] Installing dc_motor script to /home/reiv/workspace/MR_week2/Challenge_2/install/motor_control/lib/motor_control
[0.658s] Installing set_point script to /home/reiv/workspace/MR_week2/Challenge_2/install/motor_control/lib/motor_control
[0.658s] writing list of installed files to '/home/reiv/workspace/MR_week2/Challenge_2/build/motor_control/install.log'
[0.676s] Invoked command in '/home/reiv/workspace/MR_week2/Challenge_2/src/motor_control' returned '0': PYTHONPATH=/home/reiv/workspace/MR_week2/Challenge_2/build/motor_control/prefix_override:/usr/lib/python3/dist-packages/colcon_core/task/python/colcon_distutils_commands:/home/reiv/workspace/MR_week2/Challenge_2/install/motor_control/lib/python3.10/site-packages:${PYTHONPATH} /usr/bin/python3 -W ignore:setup.py install is deprecated -W ignore:easy_install command is deprecated setup.py egg_info --egg-base ../../build/motor_control build --build-base /home/reiv/workspace/MR_week2/Challenge_2/build/motor_control/build install --record /home/reiv/workspace/MR_week2/Challenge_2/build/motor_control/install.log --single-version-externally-managed install_data
