[0.539s] Invoking command in '/home/reiv/workspace/MR_week1/Challenge_1/src/signal_processing': PYTHONPATH=/home/reiv/workspace/MR_week1/Challenge_1/build/signal_processing/prefix_override:/usr/lib/python3/dist-packages/colcon_core/task/python/colcon_distutils_commands:/home/reiv/workspace/MR_week1/Challenge_1/install/signal_processing/lib/python3.10/site-packages:${PYTHONPATH} /usr/bin/python3 -W ignore:setup.py install is deprecated -W ignore:easy_install command is deprecated setup.py egg_info --egg-base ../../build/signal_processing build --build-base /home/reiv/workspace/MR_week1/Challenge_1/build/signal_processing/build install --record /home/reiv/workspace/MR_week1/Challenge_1/build/signal_processing/install.log --single-version-externally-managed install_data
[0.744s] running egg_info
[0.746s] writing ../../build/signal_processing/signal_processing.egg-info/PKG-INFO
[0.747s] writing dependency_links to ../../build/signal_processing/signal_processing.egg-info/dependency_links.txt
[0.747s] writing entry points to ../../build/signal_processing/signal_processing.egg-info/entry_points.txt
[0.747s] writing requirements to ../../build/signal_processing/signal_processing.egg-info/requires.txt
[0.748s] writing top-level names to ../../build/signal_processing/signal_processing.egg-info/top_level.txt
[0.749s] reading manifest file '../../build/signal_processing/signal_processing.egg-info/SOURCES.txt'
[0.750s] writing manifest file '../../build/signal_processing/signal_processing.egg-info/SOURCES.txt'
[0.750s] running build
[0.750s] running build_py
[0.750s] copying signal_processing/signal_gen.py -> /home/reiv/workspace/MR_week1/Challenge_1/build/signal_processing/build/lib/signal_processing
[0.751s] running install
[0.751s] running install_lib
[0.751s] copying /home/reiv/workspace/MR_week1/Challenge_1/build/signal_processing/build/lib/signal_processing/signal_gen.py -> /home/reiv/workspace/MR_week1/Challenge_1/install/signal_processing/lib/python3.10/site-packages/signal_processing
[0.752s] byte-compiling /home/reiv/workspace/MR_week1/Challenge_1/install/signal_processing/lib/python3.10/site-packages/signal_processing/signal_gen.py to signal_gen.cpython-310.pyc
[0.753s] running install_data
[0.753s] running install_egg_info
[0.754s] removing '/home/reiv/workspace/MR_week1/Challenge_1/install/signal_processing/lib/python3.10/site-packages/signal_processing-0.0.0-py3.10.egg-info' (and everything under it)
[0.754s] Copying ../../build/signal_processing/signal_processing.egg-info to /home/reiv/workspace/MR_week1/Challenge_1/install/signal_processing/lib/python3.10/site-packages/signal_processing-0.0.0-py3.10.egg-info
[0.755s] running install_scripts
[0.772s] Installing signal_gen script to /home/reiv/workspace/MR_week1/Challenge_1/install/signal_processing/lib/signal_processing
[0.772s] Installing signal_proc script to /home/reiv/workspace/MR_week1/Challenge_1/install/signal_processing/lib/signal_processing
[0.773s] writing list of installed files to '/home/reiv/workspace/MR_week1/Challenge_1/build/signal_processing/install.log'
[0.797s] Invoked command in '/home/reiv/workspace/MR_week1/Challenge_1/src/signal_processing' returned '0': PYTHONPATH=/home/reiv/workspace/MR_week1/Challenge_1/build/signal_processing/prefix_override:/usr/lib/python3/dist-packages/colcon_core/task/python/colcon_distutils_commands:/home/reiv/workspace/MR_week1/Challenge_1/install/signal_processing/lib/python3.10/site-packages:${PYTHONPATH} /usr/bin/python3 -W ignore:setup.py install is deprecated -W ignore:easy_install command is deprecated setup.py egg_info --egg-base ../../build/signal_processing build --build-base /home/reiv/workspace/MR_week1/Challenge_1/build/signal_processing/build install --record /home/reiv/workspace/MR_week1/Challenge_1/build/signal_processing/install.log --single-version-externally-managed install_data
