[0.019s] Invoking command in '/home/reiv/workspace/MR_week2/Challenge_2/build/custom_interfaces': CMAKE_PREFIX_PATH=${CMAKE_PREFIX_PATH}:/home/reiv/workspace/MR_week2/Challenge_2/install/motor_control:/opt/ros/humble PS1=\[\e]0;\u@\h: \w\a\]${debian_chroot:+($debian_chroot)}\[\033[01;32m\]\u@\h\[\033[00m\]:\[\033[01;34m\]\w\[\033[00m\]\$ /usr/bin/cmake --build /home/reiv/workspace/MR_week2/Challenge_2/build/custom_interfaces -- -j12 -l12
[0.137s] [  3%] Built target custom_interfaces__cpp
[0.162s] [  3%] Built target ament_cmake_python_copy_custom_interfaces
[0.162s] [ 12%] Built target custom_interfaces__rosidl_generator_c
[0.184s] [ 32%] Built target custom_interfaces__rosidl_typesupport_introspection_cpp
[0.185s] [ 32%] Built target custom_interfaces__rosidl_typesupport_cpp
[0.186s] [ 41%] Built target custom_interfaces__rosidl_typesupport_fastrtps_cpp
[0.194s] [ 61%] Built target custom_interfaces__rosidl_typesupport_introspection_c
[0.194s] [ 61%] Built target custom_interfaces__rosidl_typesupport_fastrtps_c
[0.195s] [ 70%] Built target custom_interfaces__rosidl_typesupport_c
[0.223s] [ 70%] Built target custom_interfaces
[0.252s] [ 74%] Built target custom_interfaces__py
[0.288s] [ 80%] Built target custom_interfaces__rosidl_generator_py
[0.320s] [ 93%] Built target custom_interfaces__rosidl_typesupport_fastrtps_c__pyext
[0.320s] [100%] Built target custom_interfaces__rosidl_typesupport_introspection_c__pyext
[0.320s] [100%] Built target custom_interfaces__rosidl_typesupport_c__pyext
[0.409s] running egg_info
[0.409s] writing custom_interfaces.egg-info/PKG-INFO
[0.410s] writing dependency_links to custom_interfaces.egg-info/dependency_links.txt
[0.410s] writing top-level names to custom_interfaces.egg-info/top_level.txt
[0.411s] reading manifest file 'custom_interfaces.egg-info/SOURCES.txt'
[0.412s] writing manifest file 'custom_interfaces.egg-info/SOURCES.txt'
[0.436s] [100%] Built target ament_cmake_python_build_custom_interfaces_egg
[0.447s] Invoked command in '/home/reiv/workspace/MR_week2/Challenge_2/build/custom_interfaces' returned '0': CMAKE_PREFIX_PATH=${CMAKE_PREFIX_PATH}:/home/reiv/workspace/MR_week2/Challenge_2/install/motor_control:/opt/ros/humble PS1=\[\e]0;\u@\h: \w\a\]${debian_chroot:+($debian_chroot)}\[\033[01;32m\]\u@\h\[\033[00m\]:\[\033[01;34m\]\w\[\033[00m\]\$ /usr/bin/cmake --build /home/reiv/workspace/MR_week2/Challenge_2/build/custom_interfaces -- -j12 -l12
[0.458s] Invoking command in '/home/reiv/workspace/MR_week2/Challenge_2/build/custom_interfaces': CMAKE_PREFIX_PATH=${CMAKE_PREFIX_PATH}:/home/reiv/workspace/MR_week2/Challenge_2/install/motor_control:/opt/ros/humble PS1=\[\e]0;\u@\h: \w\a\]${debian_chroot:+($debian_chroot)}\[\033[01;32m\]\u@\h\[\033[00m\]:\[\033[01;34m\]\w\[\033[00m\]\$ /usr/bin/cmake --install /home/reiv/workspace/MR_week2/Challenge_2/build/custom_interfaces
[0.465s] -- Install configuration: ""
[0.465s] -- Up-to-date: /home/reiv/workspace/MR_week2/Challenge_2/install/custom_interfaces/share/ament_index/resource_index/rosidl_interfaces/custom_interfaces
[0.465s] -- Up-to-date: /home/reiv/workspace/MR_week2/Challenge_2/install/custom_interfaces/include/custom_interfaces/custom_interfaces
[0.465s] -- Up-to-date: /home/reiv/workspace/MR_week2/Challenge_2/install/custom_interfaces/include/custom_interfaces/custom_interfaces/msg
[0.466s] -- Up-to-date: /home/reiv/workspace/MR_week2/Challenge_2/install/custom_interfaces/include/custom_interfaces/custom_interfaces/msg/rosidl_generator_c__visibility_control.h
[0.466s] -- Up-to-date: /home/reiv/workspace/MR_week2/Challenge_2/install/custom_interfaces/include/custom_interfaces/custom_interfaces/srv
[0.466s] -- Up-to-date: /home/reiv/workspace/MR_week2/Challenge_2/install/custom_interfaces/include/custom_interfaces/custom_interfaces/srv/detail
[0.466s] -- Up-to-date: /home/reiv/workspace/MR_week2/Challenge_2/install/custom_interfaces/include/custom_interfaces/custom_interfaces/srv/detail/set_process_bool__functions.c
[0.466s] -- Up-to-date: /home/reiv/workspace/MR_week2/Challenge_2/install/custom_interfaces/include/custom_interfaces/custom_interfaces/srv/detail/set_process_bool__type_support.h
[0.466s] -- Up-to-date: /home/reiv/workspace/MR_week2/Challenge_2/install/custom_interfaces/include/custom_interfaces/custom_interfaces/srv/detail/set_process_bool__functions.h
[0.466s] -- Up-to-date: /home/reiv/workspace/MR_week2/Challenge_2/install/custom_interfaces/include/custom_interfaces/custom_interfaces/srv/detail/set_process_bool__struct.h
[0.466s] -- Up-to-date: /home/reiv/workspace/MR_week2/Challenge_2/install/custom_interfaces/include/custom_interfaces/custom_interfaces/srv/set_process_bool.h
[0.466s] -- Up-to-date: /home/reiv/workspace/MR_week2/Challenge_2/install/custom_interfaces/share/custom_interfaces/environment/library_path.sh
[0.466s] -- Up-to-date: /home/reiv/workspace/MR_week2/Challenge_2/install/custom_interfaces/share/custom_interfaces/environment/library_path.dsv
[0.466s] -- Up-to-date: /home/reiv/workspace/MR_week2/Challenge_2/install/custom_interfaces/lib/libcustom_interfaces__rosidl_generator_c.so
[0.466s] -- Up-to-date: /home/reiv/workspace/MR_week2/Challenge_2/install/custom_interfaces/include/custom_interfaces/custom_interfaces
[0.466s] -- Up-to-date: /home/reiv/workspace/MR_week2/Challenge_2/install/custom_interfaces/include/custom_interfaces/custom_interfaces/msg
[0.466s] -- Up-to-date: /home/reiv/workspace/MR_week2/Challenge_2/install/custom_interfaces/include/custom_interfaces/custom_interfaces/msg/rosidl_typesupport_fastrtps_c__visibility_control.h
[0.466s] -- Up-to-date: /home/reiv/workspace/MR_week2/Challenge_2/install/custom_interfaces/include/custom_interfaces/custom_interfaces/srv
[0.466s] -- Up-to-date: /home/reiv/workspace/MR_week2/Challenge_2/install/custom_interfaces/include/custom_interfaces/custom_interfaces/srv/detail
[0.467s] -- Up-to-date: /home/reiv/workspace/MR_week2/Challenge_2/install/custom_interfaces/include/custom_interfaces/custom_interfaces/srv/detail/set_process_bool__rosidl_typesupport_fastrtps_c.h
[0.467s] -- Up-to-date: /home/reiv/workspace/MR_week2/Challenge_2/install/custom_interfaces/lib/libcustom_interfaces__rosidl_typesupport_fastrtps_c.so
[0.467s] -- Up-to-date: /home/reiv/workspace/MR_week2/Challenge_2/install/custom_interfaces/include/custom_interfaces/custom_interfaces
[0.467s] -- Up-to-date: /home/reiv/workspace/MR_week2/Challenge_2/install/custom_interfaces/include/custom_interfaces/custom_interfaces/msg
[0.467s] -- Up-to-date: /home/reiv/workspace/MR_week2/Challenge_2/install/custom_interfaces/include/custom_interfaces/custom_interfaces/msg/rosidl_generator_cpp__visibility_control.hpp
[0.467s] -- Up-to-date: /home/reiv/workspace/MR_week2/Challenge_2/install/custom_interfaces/include/custom_interfaces/custom_interfaces/srv
[0.467s] -- Up-to-date: /home/reiv/workspace/MR_week2/Challenge_2/install/custom_interfaces/include/custom_interfaces/custom_interfaces/srv/detail
[0.467s] -- Up-to-date: /home/reiv/workspace/MR_week2/Challenge_2/install/custom_interfaces/include/custom_interfaces/custom_interfaces/srv/detail/set_process_bool__type_support.hpp
[0.467s] -- Up-to-date: /home/reiv/workspace/MR_week2/Challenge_2/install/custom_interfaces/include/custom_interfaces/custom_interfaces/srv/detail/set_process_bool__traits.hpp
[0.467s] -- Up-to-date: /home/reiv/workspace/MR_week2/Challenge_2/install/custom_interfaces/include/custom_interfaces/custom_interfaces/srv/detail/set_process_bool__builder.hpp
[0.467s] -- Up-to-date: /home/reiv/workspace/MR_week2/Challenge_2/install/custom_interfaces/include/custom_interfaces/custom_interfaces/srv/detail/set_process_bool__struct.hpp
[0.467s] -- Up-to-date: /home/reiv/workspace/MR_week2/Challenge_2/install/custom_interfaces/include/custom_interfaces/custom_interfaces/srv/set_process_bool.hpp
[0.467s] -- Up-to-date: /home/reiv/workspace/MR_week2/Challenge_2/install/custom_interfaces/include/custom_interfaces/custom_interfaces
[0.467s] -- Up-to-date: /home/reiv/workspace/MR_week2/Challenge_2/install/custom_interfaces/include/custom_interfaces/custom_interfaces/msg
[0.467s] -- Up-to-date: /home/reiv/workspace/MR_week2/Challenge_2/install/custom_interfaces/include/custom_interfaces/custom_interfaces/msg/rosidl_typesupport_fastrtps_cpp__visibility_control.h
[0.468s] -- Up-to-date: /home/reiv/workspace/MR_week2/Challenge_2/install/custom_interfaces/include/custom_interfaces/custom_interfaces/srv
[0.468s] -- Up-to-date: /home/reiv/workspace/MR_week2/Challenge_2/install/custom_interfaces/include/custom_interfaces/custom_interfaces/srv/detail
[0.468s] -- Up-to-date: /home/reiv/workspace/MR_week2/Challenge_2/install/custom_interfaces/include/custom_interfaces/custom_interfaces/srv/detail/set_process_bool__rosidl_typesupport_fastrtps_cpp.hpp
[0.468s] -- Up-to-date: /home/reiv/workspace/MR_week2/Challenge_2/install/custom_interfaces/include/custom_interfaces/custom_interfaces/srv/detail/dds_fastrtps
[0.468s] -- Up-to-date: /home/reiv/workspace/MR_week2/Challenge_2/install/custom_interfaces/lib/libcustom_interfaces__rosidl_typesupport_fastrtps_cpp.so
[0.468s] -- Up-to-date: /home/reiv/workspace/MR_week2/Challenge_2/install/custom_interfaces/include/custom_interfaces/custom_interfaces
[0.468s] -- Up-to-date: /home/reiv/workspace/MR_week2/Challenge_2/install/custom_interfaces/include/custom_interfaces/custom_interfaces/msg
[0.468s] -- Up-to-date: /home/reiv/workspace/MR_week2/Challenge_2/install/custom_interfaces/include/custom_interfaces/custom_interfaces/msg/rosidl_typesupport_introspection_c__visibility_control.h
[0.468s] -- Up-to-date: /home/reiv/workspace/MR_week2/Challenge_2/install/custom_interfaces/include/custom_interfaces/custom_interfaces/srv
[0.468s] -- Up-to-date: /home/reiv/workspace/MR_week2/Challenge_2/install/custom_interfaces/include/custom_interfaces/custom_interfaces/srv/detail
[0.468s] -- Up-to-date: /home/reiv/workspace/MR_week2/Challenge_2/install/custom_interfaces/include/custom_interfaces/custom_interfaces/srv/detail/set_process_bool__type_support.c
[0.468s] -- Up-to-date: /home/reiv/workspace/MR_week2/Challenge_2/install/custom_interfaces/include/custom_interfaces/custom_interfaces/srv/detail/set_process_bool__rosidl_typesupport_introspection_c.h
[0.468s] -- Up-to-date: /home/reiv/workspace/MR_week2/Challenge_2/install/custom_interfaces/lib/libcustom_interfaces__rosidl_typesupport_introspection_c.so
[0.468s] -- Up-to-date: /home/reiv/workspace/MR_week2/Challenge_2/install/custom_interfaces/lib/libcustom_interfaces__rosidl_typesupport_c.so
[0.468s] -- Up-to-date: /home/reiv/workspace/MR_week2/Challenge_2/install/custom_interfaces/include/custom_interfaces/custom_interfaces
[0.468s] -- Up-to-date: /home/reiv/workspace/MR_week2/Challenge_2/install/custom_interfaces/include/custom_interfaces/custom_interfaces/srv
[0.469s] -- Up-to-date: /home/reiv/workspace/MR_week2/Challenge_2/install/custom_interfaces/include/custom_interfaces/custom_interfaces/srv/detail
[0.469s] -- Up-to-date: /home/reiv/workspace/MR_week2/Challenge_2/install/custom_interfaces/include/custom_interfaces/custom_interfaces/srv/detail/set_process_bool__type_support.cpp
[0.469s] -- Up-to-date: /home/reiv/workspace/MR_week2/Challenge_2/install/custom_interfaces/include/custom_interfaces/custom_interfaces/srv/detail/set_process_bool__rosidl_typesupport_introspection_cpp.hpp
[0.469s] -- Up-to-date: /home/reiv/workspace/MR_week2/Challenge_2/install/custom_interfaces/lib/libcustom_interfaces__rosidl_typesupport_introspection_cpp.so
[0.469s] -- Up-to-date: /home/reiv/workspace/MR_week2/Challenge_2/install/custom_interfaces/lib/libcustom_interfaces__rosidl_typesupport_cpp.so
[0.469s] -- Up-to-date: /home/reiv/workspace/MR_week2/Challenge_2/install/custom_interfaces/share/custom_interfaces/environment/pythonpath.sh
[0.469s] -- Up-to-date: /home/reiv/workspace/MR_week2/Challenge_2/install/custom_interfaces/share/custom_interfaces/environment/pythonpath.dsv
[0.469s] -- Up-to-date: /home/reiv/workspace/MR_week2/Challenge_2/install/custom_interfaces/local/lib/python3.10/dist-packages/custom_interfaces-0.0.0-py3.10.egg-info
[0.469s] -- Installing: /home/reiv/workspace/MR_week2/Challenge_2/install/custom_interfaces/local/lib/python3.10/dist-packages/custom_interfaces-0.0.0-py3.10.egg-info/top_level.txt
[0.470s] -- Installing: /home/reiv/workspace/MR_week2/Challenge_2/install/custom_interfaces/local/lib/python3.10/dist-packages/custom_interfaces-0.0.0-py3.10.egg-info/SOURCES.txt
[0.470s] -- Installing: /home/reiv/workspace/MR_week2/Challenge_2/install/custom_interfaces/local/lib/python3.10/dist-packages/custom_interfaces-0.0.0-py3.10.egg-info/PKG-INFO
[0.470s] -- Installing: /home/reiv/workspace/MR_week2/Challenge_2/install/custom_interfaces/local/lib/python3.10/dist-packages/custom_interfaces-0.0.0-py3.10.egg-info/dependency_links.txt
[0.470s] -- Up-to-date: /home/reiv/workspace/MR_week2/Challenge_2/install/custom_interfaces/local/lib/python3.10/dist-packages/custom_interfaces
[0.470s] -- Up-to-date: /home/reiv/workspace/MR_week2/Challenge_2/install/custom_interfaces/local/lib/python3.10/dist-packages/custom_interfaces/_custom_interfaces_s.ep.rosidl_typesupport_fastrtps_c.c
[0.470s] -- Up-to-date: /home/reiv/workspace/MR_week2/Challenge_2/install/custom_interfaces/local/lib/python3.10/dist-packages/custom_interfaces/_custom_interfaces_s.ep.rosidl_typesupport_c.c
[0.470s] -- Up-to-date: /home/reiv/workspace/MR_week2/Challenge_2/install/custom_interfaces/local/lib/python3.10/dist-packages/custom_interfaces/custom_interfaces_s__rosidl_typesupport_introspection_c.cpython-310-x86_64-linux-gnu.so
[0.470s] -- Up-to-date: /home/reiv/workspace/MR_week2/Challenge_2/install/custom_interfaces/local/lib/python3.10/dist-packages/custom_interfaces/srv
[0.470s] -- Up-to-date: /home/reiv/workspace/MR_week2/Challenge_2/install/custom_interfaces/local/lib/python3.10/dist-packages/custom_interfaces/srv/_set_process_bool_s.c
[0.470s] -- Up-to-date: /home/reiv/workspace/MR_week2/Challenge_2/install/custom_interfaces/local/lib/python3.10/dist-packages/custom_interfaces/srv/__init__.py
[0.470s] -- Up-to-date: /home/reiv/workspace/MR_week2/Challenge_2/install/custom_interfaces/local/lib/python3.10/dist-packages/custom_interfaces/srv/_set_process_bool.py
[0.470s] -- Up-to-date: /home/reiv/workspace/MR_week2/Challenge_2/install/custom_interfaces/local/lib/python3.10/dist-packages/custom_interfaces/_custom_interfaces_s.ep.rosidl_typesupport_introspection_c.c
[0.470s] -- Up-to-date: /home/reiv/workspace/MR_week2/Challenge_2/install/custom_interfaces/local/lib/python3.10/dist-packages/custom_interfaces/__init__.py
[0.470s] -- Up-to-date: /home/reiv/workspace/MR_week2/Challenge_2/install/custom_interfaces/local/lib/python3.10/dist-packages/custom_interfaces/custom_interfaces_s__rosidl_typesupport_fastrtps_c.cpython-310-x86_64-linux-gnu.so
[0.470s] -- Up-to-date: /home/reiv/workspace/MR_week2/Challenge_2/install/custom_interfaces/local/lib/python3.10/dist-packages/custom_interfaces/custom_interfaces_s__rosidl_typesupport_c.cpython-310-x86_64-linux-gnu.so
[0.471s] -- Up-to-date: /home/reiv/workspace/MR_week2/Challenge_2/install/custom_interfaces/local/lib/python3.10/dist-packages/custom_interfaces/libcustom_interfaces__rosidl_generator_py.so
[0.495s] Listing '/home/reiv/workspace/MR_week2/Challenge_2/install/custom_interfaces/local/lib/python3.10/dist-packages/custom_interfaces'...
[0.495s] Listing '/home/reiv/workspace/MR_week2/Challenge_2/install/custom_interfaces/local/lib/python3.10/dist-packages/custom_interfaces/srv'...
[0.499s] -- Up-to-date: /home/reiv/workspace/MR_week2/Challenge_2/install/custom_interfaces/local/lib/python3.10/dist-packages/custom_interfaces/custom_interfaces_s__rosidl_typesupport_fastrtps_c.cpython-310-x86_64-linux-gnu.so
[0.500s] -- Up-to-date: /home/reiv/workspace/MR_week2/Challenge_2/install/custom_interfaces/local/lib/python3.10/dist-packages/custom_interfaces/custom_interfaces_s__rosidl_typesupport_introspection_c.cpython-310-x86_64-linux-gnu.so
[0.500s] -- Up-to-date: /home/reiv/workspace/MR_week2/Challenge_2/install/custom_interfaces/local/lib/python3.10/dist-packages/custom_interfaces/custom_interfaces_s__rosidl_typesupport_c.cpython-310-x86_64-linux-gnu.so
[0.500s] -- Up-to-date: /home/reiv/workspace/MR_week2/Challenge_2/install/custom_interfaces/lib/libcustom_interfaces__rosidl_generator_py.so
[0.500s] -- Up-to-date: /home/reiv/workspace/MR_week2/Challenge_2/install/custom_interfaces/share/custom_interfaces/srv/SetProcessBool.idl
[0.500s] -- Up-to-date: /home/reiv/workspace/MR_week2/Challenge_2/install/custom_interfaces/share/custom_interfaces/srv/SetProcessBool.srv
[0.500s] -- Up-to-date: /home/reiv/workspace/MR_week2/Challenge_2/install/custom_interfaces/share/custom_interfaces/srv/SetProcessBool_Request.msg
[0.500s] -- Up-to-date: /home/reiv/workspace/MR_week2/Challenge_2/install/custom_interfaces/share/custom_interfaces/srv/SetProcessBool_Response.msg
[0.501s] -- Up-to-date: /home/reiv/workspace/MR_week2/Challenge_2/install/custom_interfaces/share/ament_index/resource_index/package_run_dependencies/custom_interfaces
[0.501s] -- Up-to-date: /home/reiv/workspace/MR_week2/Challenge_2/install/custom_interfaces/share/ament_index/resource_index/parent_prefix_path/custom_interfaces
[0.501s] -- Up-to-date: /home/reiv/workspace/MR_week2/Challenge_2/install/custom_interfaces/share/custom_interfaces/environment/ament_prefix_path.sh
[0.501s] -- Up-to-date: /home/reiv/workspace/MR_week2/Challenge_2/install/custom_interfaces/share/custom_interfaces/environment/ament_prefix_path.dsv
[0.501s] -- Up-to-date: /home/reiv/workspace/MR_week2/Challenge_2/install/custom_interfaces/share/custom_interfaces/environment/path.sh
[0.501s] -- Up-to-date: /home/reiv/workspace/MR_week2/Challenge_2/install/custom_interfaces/share/custom_interfaces/environment/path.dsv
[0.501s] -- Up-to-date: /home/reiv/workspace/MR_week2/Challenge_2/install/custom_interfaces/share/custom_interfaces/local_setup.bash
[0.501s] -- Up-to-date: /home/reiv/workspace/MR_week2/Challenge_2/install/custom_interfaces/share/custom_interfaces/local_setup.sh
[0.501s] -- Up-to-date: /home/reiv/workspace/MR_week2/Challenge_2/install/custom_interfaces/share/custom_interfaces/local_setup.zsh
[0.501s] -- Up-to-date: /home/reiv/workspace/MR_week2/Challenge_2/install/custom_interfaces/share/custom_interfaces/local_setup.dsv
[0.501s] -- Installing: /home/reiv/workspace/MR_week2/Challenge_2/install/custom_interfaces/share/custom_interfaces/package.dsv
[0.501s] -- Up-to-date: /home/reiv/workspace/MR_week2/Challenge_2/install/custom_interfaces/share/ament_index/resource_index/packages/custom_interfaces
[0.502s] -- Up-to-date: /home/reiv/workspace/MR_week2/Challenge_2/install/custom_interfaces/share/custom_interfaces/cmake/export_custom_interfaces__rosidl_generator_cExport.cmake
[0.502s] -- Up-to-date: /home/reiv/workspace/MR_week2/Challenge_2/install/custom_interfaces/share/custom_interfaces/cmake/export_custom_interfaces__rosidl_generator_cExport-noconfig.cmake
[0.502s] -- Up-to-date: /home/reiv/workspace/MR_week2/Challenge_2/install/custom_interfaces/share/custom_interfaces/cmake/export_custom_interfaces__rosidl_typesupport_fastrtps_cExport.cmake
[0.502s] -- Up-to-date: /home/reiv/workspace/MR_week2/Challenge_2/install/custom_interfaces/share/custom_interfaces/cmake/export_custom_interfaces__rosidl_typesupport_fastrtps_cExport-noconfig.cmake
[0.502s] -- Up-to-date: /home/reiv/workspace/MR_week2/Challenge_2/install/custom_interfaces/share/custom_interfaces/cmake/export_custom_interfaces__rosidl_generator_cppExport.cmake
[0.502s] -- Up-to-date: /home/reiv/workspace/MR_week2/Challenge_2/install/custom_interfaces/share/custom_interfaces/cmake/export_custom_interfaces__rosidl_typesupport_fastrtps_cppExport.cmake
[0.502s] -- Up-to-date: /home/reiv/workspace/MR_week2/Challenge_2/install/custom_interfaces/share/custom_interfaces/cmake/export_custom_interfaces__rosidl_typesupport_fastrtps_cppExport-noconfig.cmake
[0.502s] -- Up-to-date: /home/reiv/workspace/MR_week2/Challenge_2/install/custom_interfaces/share/custom_interfaces/cmake/custom_interfaces__rosidl_typesupport_introspection_cExport.cmake
[0.502s] -- Up-to-date: /home/reiv/workspace/MR_week2/Challenge_2/install/custom_interfaces/share/custom_interfaces/cmake/custom_interfaces__rosidl_typesupport_introspection_cExport-noconfig.cmake
[0.502s] -- Up-to-date: /home/reiv/workspace/MR_week2/Challenge_2/install/custom_interfaces/share/custom_interfaces/cmake/custom_interfaces__rosidl_typesupport_cExport.cmake
[0.502s] -- Up-to-date: /home/reiv/workspace/MR_week2/Challenge_2/install/custom_interfaces/share/custom_interfaces/cmake/custom_interfaces__rosidl_typesupport_cExport-noconfig.cmake
[0.503s] -- Up-to-date: /home/reiv/workspace/MR_week2/Challenge_2/install/custom_interfaces/share/custom_interfaces/cmake/custom_interfaces__rosidl_typesupport_introspection_cppExport.cmake
[0.503s] -- Up-to-date: /home/reiv/workspace/MR_week2/Challenge_2/install/custom_interfaces/share/custom_interfaces/cmake/custom_interfaces__rosidl_typesupport_introspection_cppExport-noconfig.cmake
[0.503s] -- Up-to-date: /home/reiv/workspace/MR_week2/Challenge_2/install/custom_interfaces/share/custom_interfaces/cmake/custom_interfaces__rosidl_typesupport_cppExport.cmake
[0.503s] -- Up-to-date: /home/reiv/workspace/MR_week2/Challenge_2/install/custom_interfaces/share/custom_interfaces/cmake/custom_interfaces__rosidl_typesupport_cppExport-noconfig.cmake
[0.503s] -- Up-to-date: /home/reiv/workspace/MR_week2/Challenge_2/install/custom_interfaces/share/custom_interfaces/cmake/export_custom_interfaces__rosidl_generator_pyExport.cmake
[0.503s] -- Up-to-date: /home/reiv/workspace/MR_week2/Challenge_2/install/custom_interfaces/share/custom_interfaces/cmake/export_custom_interfaces__rosidl_generator_pyExport-noconfig.cmake
[0.503s] -- Up-to-date: /home/reiv/workspace/MR_week2/Challenge_2/install/custom_interfaces/share/custom_interfaces/cmake/rosidl_cmake-extras.cmake
[0.503s] -- Up-to-date: /home/reiv/workspace/MR_week2/Challenge_2/install/custom_interfaces/share/custom_interfaces/cmake/ament_cmake_export_dependencies-extras.cmake
[0.503s] -- Up-to-date: /home/reiv/workspace/MR_week2/Challenge_2/install/custom_interfaces/share/custom_interfaces/cmake/ament_cmake_export_include_directories-extras.cmake
[0.503s] -- Up-to-date: /home/reiv/workspace/MR_week2/Challenge_2/install/custom_interfaces/share/custom_interfaces/cmake/ament_cmake_export_libraries-extras.cmake
[0.503s] -- Up-to-date: /home/reiv/workspace/MR_week2/Challenge_2/install/custom_interfaces/share/custom_interfaces/cmake/ament_cmake_export_targets-extras.cmake
[0.503s] -- Up-to-date: /home/reiv/workspace/MR_week2/Challenge_2/install/custom_interfaces/share/custom_interfaces/cmake/rosidl_cmake_export_typesupport_targets-extras.cmake
[0.503s] -- Up-to-date: /home/reiv/workspace/MR_week2/Challenge_2/install/custom_interfaces/share/custom_interfaces/cmake/rosidl_cmake_export_typesupport_libraries-extras.cmake
[0.504s] -- Up-to-date: /home/reiv/workspace/MR_week2/Challenge_2/install/custom_interfaces/share/custom_interfaces/cmake/custom_interfacesConfig.cmake
[0.504s] -- Up-to-date: /home/reiv/workspace/MR_week2/Challenge_2/install/custom_interfaces/share/custom_interfaces/cmake/custom_interfacesConfig-version.cmake
[0.504s] -- Up-to-date: /home/reiv/workspace/MR_week2/Challenge_2/install/custom_interfaces/share/custom_interfaces/package.xml
[0.507s] Invoked command in '/home/reiv/workspace/MR_week2/Challenge_2/build/custom_interfaces' returned '0': CMAKE_PREFIX_PATH=${CMAKE_PREFIX_PATH}:/home/reiv/workspace/MR_week2/Challenge_2/install/motor_control:/opt/ros/humble PS1=\[\e]0;\u@\h: \w\a\]${debian_chroot:+($debian_chroot)}\[\033[01;32m\]\u@\h\[\033[00m\]:\[\033[01;34m\]\w\[\033[00m\]\$ /usr/bin/cmake --install /home/reiv/workspace/MR_week2/Challenge_2/build/custom_interfaces
