[0.538s] Invoking command in '/home/reiv/workspace/MR_week2/Challenge_2/src/motor_control': PS1=\[\e]0;\u@\h: \w\a\]${debian_chroot:+($debian_chroot)}\[\033[01;32m\]\u@\h\[\033[00m\]:\[\033[01;34m\]\w\[\033[00m\]\$ PYTHONPATH=/home/reiv/workspace/MR_week2/Challenge_2/build/motor_control/prefix_override:/usr/lib/python3/dist-packages/colcon_core/task/python/colcon_distutils_commands:/home/reiv/workspace/MR_week2/Challenge_2/install/motor_control/lib/python3.10/site-packages:${PYTHONPATH} /usr/bin/python3 -W ignore:setup.py install is deprecated -W ignore:easy_install command is deprecated setup.py egg_info --egg-base ../../build/motor_control build --build-base /home/reiv/workspace/MR_week2/Challenge_2/build/motor_control/build install --record /home/reiv/workspace/MR_week2/Challenge_2/build/motor_control/install.log --single-version-externally-managed install_data
[0.713s] running egg_info
[0.713s] writing ../../build/motor_control/motor_control.egg-info/PKG-INFO
[0.713s] writing dependency_links to ../../build/motor_control/motor_control.egg-info/dependency_links.txt
[0.713s] writing entry points to ../../build/motor_control/motor_control.egg-info/entry_points.txt
[0.713s] writing requirements to ../../build/motor_control/motor_control.egg-info/requires.txt
[0.714s] writing top-level names to ../../build/motor_control/motor_control.egg-info/top_level.txt
[0.715s] reading manifest file '../../build/motor_control/motor_control.egg-info/SOURCES.txt'
[0.715s] adding license file 'LICENSE'
[0.715s] writing manifest file '../../build/motor_control/motor_control.egg-info/SOURCES.txt'
[0.715s] running build
[0.716s] running build_py
[0.716s] copying motor_control/set_point.py -> /home/reiv/workspace/MR_week2/Challenge_2/build/motor_control/build/lib/motor_control
[0.716s] running install
[0.716s] running install_lib
[0.717s] copying /home/reiv/workspace/MR_week2/Challenge_2/build/motor_control/build/lib/motor_control/set_point.py -> /home/reiv/workspace/MR_week2/Challenge_2/install/motor_control/lib/python3.10/site-packages/motor_control
[0.717s] byte-compiling /home/reiv/workspace/MR_week2/Challenge_2/install/motor_control/lib/python3.10/site-packages/motor_control/set_point.py to set_point.cpython-310.pyc
[0.718s] running install_data
[0.718s] running install_egg_info
[0.719s] removing '/home/reiv/workspace/MR_week2/Challenge_2/install/motor_control/lib/python3.10/site-packages/motor_control-0.0.0-py3.10.egg-info' (and everything under it)
[0.719s] Copying ../../build/motor_control/motor_control.egg-info to /home/reiv/workspace/MR_week2/Challenge_2/install/motor_control/lib/python3.10/site-packages/motor_control-0.0.0-py3.10.egg-info
[0.720s] running install_scripts
[0.735s] Installing controller script to /home/reiv/workspace/MR_week2/Challenge_2/install/motor_control/lib/motor_control
[0.735s] Installing dc_motor script to /home/reiv/workspace/MR_week2/Challenge_2/install/motor_control/lib/motor_control
[0.735s] Installing set_point script to /home/reiv/workspace/MR_week2/Challenge_2/install/motor_control/lib/motor_control
[0.735s] writing list of installed files to '/home/reiv/workspace/MR_week2/Challenge_2/build/motor_control/install.log'
[0.755s] Invoked command in '/home/reiv/workspace/MR_week2/Challenge_2/src/motor_control' returned '0': PS1=\[\e]0;\u@\h: \w\a\]${debian_chroot:+($debian_chroot)}\[\033[01;32m\]\u@\h\[\033[00m\]:\[\033[01;34m\]\w\[\033[00m\]\$ PYTHONPATH=/home/reiv/workspace/MR_week2/Challenge_2/build/motor_control/prefix_override:/usr/lib/python3/dist-packages/colcon_core/task/python/colcon_distutils_commands:/home/reiv/workspace/MR_week2/Challenge_2/install/motor_control/lib/python3.10/site-packages:${PYTHONPATH} /usr/bin/python3 -W ignore:setup.py install is deprecated -W ignore:easy_install command is deprecated setup.py egg_info --egg-base ../../build/motor_control build --build-base /home/reiv/workspace/MR_week2/Challenge_2/build/motor_control/build install --record /home/reiv/workspace/MR_week2/Challenge_2/build/motor_control/install.log --single-version-externally-managed install_data
