[0.238s] DEBUG:colcon:Command line arguments: ['/usr/bin/colcon', 'build']
[0.238s] DEBUG:colcon:Parsed command line arguments: Namespace(log_base=None, log_level=None, verb_name='build', build_base='build', install_base='install', merge_install=False, symlink_install=False, test_result_base=None, continue_on_error=False, executor='parallel', parallel_workers=12, event_handlers=None, ignore_user_meta=False, metas=['./colcon.meta'], base_paths=['.'], packages_ignore=None, packages_ignore_regex=None, paths=None, packages_up_to=None, packages_up_to_regex=None, packages_above=None, packages_above_and_dependencies=None, packages_above_depth=None, packages_select_by_dep=None, packages_skip_by_dep=None, packages_skip_up_to=None, packages_select_build_failed=False, packages_skip_build_finished=False, packages_select_test_failures=False, packages_skip_test_passed=False, packages_select=None, packages_skip=None, packages_select_regex=None, packages_skip_regex=None, packages_start=None, packages_end=None, allow_overriding=[], cmake_args=None, cmake_target=None, cmake_target_skip_unavailable=False, cmake_clean_cache=False, cmake_clean_first=False, cmake_force_configure=False, ament_cmake_args=None, catkin_cmake_args=None, catkin_skip_building_tests=False, mixin_files=None, mixin=None, verb_parser=<colcon_mixin.mixin.mixin_argument.MixinArgumentDecorator object at 0x77671765d570>, verb_extension=<colcon_core.verb.build.BuildVerb object at 0x7767177d2c80>, main=<bound method BuildVerb.main of <colcon_core.verb.build.BuildVerb object at 0x7767177d2c80>>, mixin_verb=('build',))
[0.599s] Level 1:colcon.colcon_core.package_discovery:discover_packages(colcon_meta) check parameters
[0.600s] Level 1:colcon.colcon_core.package_discovery:discover_packages(recursive) check parameters
[0.600s] Level 1:colcon.colcon_core.package_discovery:discover_packages(ignore) check parameters
[0.600s] Level 1:colcon.colcon_core.package_discovery:discover_packages(path) check parameters
[0.600s] Level 1:colcon.colcon_core.package_discovery:discover_packages(colcon_meta) discover
[0.600s] Level 1:colcon.colcon_core.package_discovery:discover_packages(recursive) discover
[0.600s] INFO:colcon.colcon_core.package_discovery:Crawling recursively for packages in '/home/reiv/workspace/MR_week1/Challenge_1'
[0.600s] Level 1:colcon.colcon_core.package_identification:_identify(.) by extensions ['ignore', 'ignore_ament_install']
[0.600s] Level 1:colcon.colcon_core.package_identification:_identify(.) by extension 'ignore'
[0.601s] Level 1:colcon.colcon_core.package_identification:_identify(.) by extension 'ignore_ament_install'
[0.601s] Level 1:colcon.colcon_core.package_identification:_identify(.) by extensions ['colcon_pkg']
[0.601s] Level 1:colcon.colcon_core.package_identification:_identify(.) by extension 'colcon_pkg'
[0.601s] Level 1:colcon.colcon_core.package_identification:_identify(.) by extensions ['colcon_meta']
[0.601s] Level 1:colcon.colcon_core.package_identification:_identify(.) by extension 'colcon_meta'
[0.601s] Level 1:colcon.colcon_core.package_identification:_identify(.) by extensions ['ros']
[0.601s] Level 1:colcon.colcon_core.package_identification:_identify(.) by extension 'ros'
[0.625s] Level 1:colcon.colcon_core.package_identification:_identify(.) by extensions ['cmake', 'python']
[0.625s] Level 1:colcon.colcon_core.package_identification:_identify(.) by extension 'cmake'
[0.625s] Level 1:colcon.colcon_core.package_identification:_identify(.) by extension 'python'
[0.625s] Level 1:colcon.colcon_core.package_identification:_identify(.) by extensions ['python_setup_py']
[0.625s] Level 1:colcon.colcon_core.package_identification:_identify(.) by extension 'python_setup_py'
[0.625s] Level 1:colcon.colcon_core.package_identification:_identify(build) by extensions ['ignore', 'ignore_ament_install']
[0.625s] Level 1:colcon.colcon_core.package_identification:_identify(build) by extension 'ignore'
[0.625s] Level 1:colcon.colcon_core.package_identification:_identify(build) ignored
[0.626s] Level 1:colcon.colcon_core.package_identification:_identify(install) by extensions ['ignore', 'ignore_ament_install']
[0.626s] Level 1:colcon.colcon_core.package_identification:_identify(install) by extension 'ignore'
[0.626s] Level 1:colcon.colcon_core.package_identification:_identify(install) ignored
[0.626s] Level 1:colcon.colcon_core.package_identification:_identify(log) by extensions ['ignore', 'ignore_ament_install']
[0.627s] Level 1:colcon.colcon_core.package_identification:_identify(log) by extension 'ignore'
[0.627s] Level 1:colcon.colcon_core.package_identification:_identify(log) ignored
[0.627s] Level 1:colcon.colcon_core.package_identification:_identify(src) by extensions ['ignore', 'ignore_ament_install']
[0.627s] Level 1:colcon.colcon_core.package_identification:_identify(src) by extension 'ignore'
[0.627s] Level 1:colcon.colcon_core.package_identification:_identify(src) by extension 'ignore_ament_install'
[0.627s] Level 1:colcon.colcon_core.package_identification:_identify(src) by extensions ['colcon_pkg']
[0.627s] Level 1:colcon.colcon_core.package_identification:_identify(src) by extension 'colcon_pkg'
[0.627s] Level 1:colcon.colcon_core.package_identification:_identify(src) by extensions ['colcon_meta']
[0.627s] Level 1:colcon.colcon_core.package_identification:_identify(src) by extension 'colcon_meta'
[0.628s] Level 1:colcon.colcon_core.package_identification:_identify(src) by extensions ['ros']
[0.628s] Level 1:colcon.colcon_core.package_identification:_identify(src) by extension 'ros'
[0.628s] Level 1:colcon.colcon_core.package_identification:_identify(src) by extensions ['cmake', 'python']
[0.628s] Level 1:colcon.colcon_core.package_identification:_identify(src) by extension 'cmake'
[0.628s] Level 1:colcon.colcon_core.package_identification:_identify(src) by extension 'python'
[0.628s] Level 1:colcon.colcon_core.package_identification:_identify(src) by extensions ['python_setup_py']
[0.628s] Level 1:colcon.colcon_core.package_identification:_identify(src) by extension 'python_setup_py'
[0.628s] Level 1:colcon.colcon_core.package_identification:_identify(src/signal_processing) by extensions ['ignore', 'ignore_ament_install']
[0.629s] Level 1:colcon.colcon_core.package_identification:_identify(src/signal_processing) by extension 'ignore'
[0.629s] Level 1:colcon.colcon_core.package_identification:_identify(src/signal_processing) by extension 'ignore_ament_install'
[0.629s] Level 1:colcon.colcon_core.package_identification:_identify(src/signal_processing) by extensions ['colcon_pkg']
[0.629s] Level 1:colcon.colcon_core.package_identification:_identify(src/signal_processing) by extension 'colcon_pkg'
[0.629s] Level 1:colcon.colcon_core.package_identification:_identify(src/signal_processing) by extensions ['colcon_meta']
[0.629s] Level 1:colcon.colcon_core.package_identification:_identify(src/signal_processing) by extension 'colcon_meta'
[0.629s] Level 1:colcon.colcon_core.package_identification:_identify(src/signal_processing) by extensions ['ros']
[0.629s] Level 1:colcon.colcon_core.package_identification:_identify(src/signal_processing) by extension 'ros'
[0.634s] DEBUG:colcon.colcon_core.package_identification:Package 'src/signal_processing' with type 'ros.ament_python' and name 'signal_processing'
[0.634s] Level 1:colcon.colcon_core.package_discovery:discover_packages(recursive) using defaults
[0.635s] Level 1:colcon.colcon_core.package_discovery:discover_packages(ignore) discover
[0.635s] Level 1:colcon.colcon_core.package_discovery:discover_packages(ignore) using defaults
[0.635s] Level 1:colcon.colcon_core.package_discovery:discover_packages(path) discover
[0.635s] Level 1:colcon.colcon_core.package_discovery:discover_packages(path) using defaults
[0.701s] Level 1:colcon.colcon_core.package_discovery:discover_packages(prefix_path) check parameters
[0.701s] Level 1:colcon.colcon_core.package_discovery:discover_packages(prefix_path) discover
[0.704s] DEBUG:colcon.colcon_installed_package_information.package_discovery:Found 1 installed packages in /home/reiv/workspace/MR_week1/Challenge_1/install
[0.708s] DEBUG:colcon.colcon_installed_package_information.package_discovery:Found 273 installed packages in /opt/ros/humble
[0.710s] Level 1:colcon.colcon_core.package_discovery:discover_packages(prefix_path) using defaults
[0.791s] Level 5:colcon.colcon_core.verb:set package 'signal_processing' build argument 'cmake_args' from command line to 'None'
[0.791s] Level 5:colcon.colcon_core.verb:set package 'signal_processing' build argument 'cmake_target' from command line to 'None'
[0.791s] Level 5:colcon.colcon_core.verb:set package 'signal_processing' build argument 'cmake_target_skip_unavailable' from command line to 'False'
[0.791s] Level 5:colcon.colcon_core.verb:set package 'signal_processing' build argument 'cmake_clean_cache' from command line to 'False'
[0.791s] Level 5:colcon.colcon_core.verb:set package 'signal_processing' build argument 'cmake_clean_first' from command line to 'False'
[0.791s] Level 5:colcon.colcon_core.verb:set package 'signal_processing' build argument 'cmake_force_configure' from command line to 'False'
[0.791s] Level 5:colcon.colcon_core.verb:set package 'signal_processing' build argument 'ament_cmake_args' from command line to 'None'
[0.791s] Level 5:colcon.colcon_core.verb:set package 'signal_processing' build argument 'catkin_cmake_args' from command line to 'None'
[0.791s] Level 5:colcon.colcon_core.verb:set package 'signal_processing' build argument 'catkin_skip_building_tests' from command line to 'False'
[0.791s] DEBUG:colcon.colcon_core.verb:Building package 'signal_processing' with the following arguments: {'ament_cmake_args': None, 'build_base': '/home/reiv/workspace/MR_week1/Challenge_1/build/signal_processing', 'catkin_cmake_args': None, 'catkin_skip_building_tests': False, 'cmake_args': None, 'cmake_clean_cache': False, 'cmake_clean_first': False, 'cmake_force_configure': False, 'cmake_target': None, 'cmake_target_skip_unavailable': False, 'install_base': '/home/reiv/workspace/MR_week1/Challenge_1/install/signal_processing', 'merge_install': False, 'path': '/home/reiv/workspace/MR_week1/Challenge_1/src/signal_processing', 'symlink_install': False, 'test_result_base': None}
[0.791s] INFO:colcon.colcon_core.executor:Executing jobs using 'parallel' executor
[0.794s] DEBUG:colcon.colcon_parallel_executor.executor.parallel:run_until_complete
[0.795s] INFO:colcon.colcon_ros.task.ament_python.build:Building ROS package in '/home/reiv/workspace/MR_week1/Challenge_1/src/signal_processing' with build type 'ament_python'
[0.795s] Level 1:colcon.colcon_core.shell:create_environment_hook('signal_processing', 'ament_prefix_path')
[0.799s] INFO:colcon.colcon_core.plugin_system:Skipping extension 'colcon_core.shell.bat': Not used on non-Windows systems
[0.799s] INFO:colcon.colcon_core.shell:Creating environment hook '/home/reiv/workspace/MR_week1/Challenge_1/install/signal_processing/share/signal_processing/hook/ament_prefix_path.ps1'
[0.801s] INFO:colcon.colcon_core.shell:Creating environment descriptor '/home/reiv/workspace/MR_week1/Challenge_1/install/signal_processing/share/signal_processing/hook/ament_prefix_path.dsv'
[0.802s] INFO:colcon.colcon_core.shell:Creating environment hook '/home/reiv/workspace/MR_week1/Challenge_1/install/signal_processing/share/signal_processing/hook/ament_prefix_path.sh'
[0.803s] INFO:colcon.colcon_core.shell:Skip shell extension 'powershell' for command environment: Not usable outside of PowerShell
[0.803s] DEBUG:colcon.colcon_core.shell:Skip shell extension 'dsv' for command environment
[1.389s] INFO:colcon.colcon_core.task.python.build:Building Python package in '/home/reiv/workspace/MR_week1/Challenge_1/src/signal_processing'
[1.390s] INFO:colcon.colcon_core.shell:Skip shell extension 'powershell' for command environment: Not usable outside of PowerShell
[1.390s] DEBUG:colcon.colcon_core.shell:Skip shell extension 'dsv' for command environment
[2.126s] DEBUG:colcon.colcon_core.event_handler.log_command:Invoking command in '/home/reiv/workspace/MR_week1/Challenge_1/src/signal_processing': PYTHONPATH=/home/reiv/workspace/MR_week1/Challenge_1/build/signal_processing/prefix_override:/usr/lib/python3/dist-packages/colcon_core/task/python/colcon_distutils_commands:/home/reiv/workspace/MR_week1/Challenge_1/install/signal_processing/lib/python3.10/site-packages:${PYTHONPATH} /usr/bin/python3 -W ignore:setup.py install is deprecated -W ignore:easy_install command is deprecated setup.py egg_info --egg-base ../../build/signal_processing build --build-base /home/reiv/workspace/MR_week1/Challenge_1/build/signal_processing/build install --record /home/reiv/workspace/MR_week1/Challenge_1/build/signal_processing/install.log --single-version-externally-managed install_data
[2.761s] DEBUG:colcon.colcon_core.event_handler.log_command:Invoked command in '/home/reiv/workspace/MR_week1/Challenge_1/src/signal_processing' returned '0': PYTHONPATH=/home/reiv/workspace/MR_week1/Challenge_1/build/signal_processing/prefix_override:/usr/lib/python3/dist-packages/colcon_core/task/python/colcon_distutils_commands:/home/reiv/workspace/MR_week1/Challenge_1/install/signal_processing/lib/python3.10/site-packages:${PYTHONPATH} /usr/bin/python3 -W ignore:setup.py install is deprecated -W ignore:easy_install command is deprecated setup.py egg_info --egg-base ../../build/signal_processing build --build-base /home/reiv/workspace/MR_week1/Challenge_1/build/signal_processing/build install --record /home/reiv/workspace/MR_week1/Challenge_1/build/signal_processing/install.log --single-version-externally-managed install_data
[2.765s] Level 1:colcon.colcon_core.environment:checking '/home/reiv/workspace/MR_week1/Challenge_1/install/signal_processing' for CMake module files
[2.766s] Level 1:colcon.colcon_core.environment:checking '/home/reiv/workspace/MR_week1/Challenge_1/install/signal_processing' for CMake config files
[2.767s] Level 1:colcon.colcon_core.environment:checking '/home/reiv/workspace/MR_week1/Challenge_1/install/signal_processing/lib'
[2.768s] Level 1:colcon.colcon_core.environment:checking '/home/reiv/workspace/MR_week1/Challenge_1/install/signal_processing/bin'
[2.768s] Level 1:colcon.colcon_core.environment:checking '/home/reiv/workspace/MR_week1/Challenge_1/install/signal_processing/lib/pkgconfig/signal_processing.pc'
[2.768s] Level 1:colcon.colcon_core.environment:checking '/home/reiv/workspace/MR_week1/Challenge_1/install/signal_processing/lib/python3.10/site-packages'
[2.769s] Level 1:colcon.colcon_core.shell:create_environment_hook('signal_processing', 'pythonpath')
[2.769s] INFO:colcon.colcon_core.shell:Creating environment hook '/home/reiv/workspace/MR_week1/Challenge_1/install/signal_processing/share/signal_processing/hook/pythonpath.ps1'
[2.770s] INFO:colcon.colcon_core.shell:Creating environment descriptor '/home/reiv/workspace/MR_week1/Challenge_1/install/signal_processing/share/signal_processing/hook/pythonpath.dsv'
[2.771s] INFO:colcon.colcon_core.shell:Creating environment hook '/home/reiv/workspace/MR_week1/Challenge_1/install/signal_processing/share/signal_processing/hook/pythonpath.sh'
[2.772s] Level 1:colcon.colcon_core.environment:checking '/home/reiv/workspace/MR_week1/Challenge_1/install/signal_processing/bin'
[2.772s] Level 1:colcon.colcon_core.environment:create_environment_scripts_only(signal_processing)
[2.773s] INFO:colcon.colcon_core.shell:Creating package script '/home/reiv/workspace/MR_week1/Challenge_1/install/signal_processing/share/signal_processing/package.ps1'
[2.775s] INFO:colcon.colcon_core.shell:Creating package descriptor '/home/reiv/workspace/MR_week1/Challenge_1/install/signal_processing/share/signal_processing/package.dsv'
[2.776s] INFO:colcon.colcon_core.shell:Creating package script '/home/reiv/workspace/MR_week1/Challenge_1/install/signal_processing/share/signal_processing/package.sh'
[2.777s] INFO:colcon.colcon_core.shell:Creating package script '/home/reiv/workspace/MR_week1/Challenge_1/install/signal_processing/share/signal_processing/package.bash'
[2.779s] INFO:colcon.colcon_core.shell:Creating package script '/home/reiv/workspace/MR_week1/Challenge_1/install/signal_processing/share/signal_processing/package.zsh'
[2.780s] Level 1:colcon.colcon_core.environment:create_file_with_runtime_dependencies(/home/reiv/workspace/MR_week1/Challenge_1/install/signal_processing/share/colcon-core/packages/signal_processing)
[2.781s] DEBUG:colcon.colcon_parallel_executor.executor.parallel:closing loop
[2.782s] DEBUG:colcon.colcon_parallel_executor.executor.parallel:loop closed
[2.782s] DEBUG:colcon.colcon_parallel_executor.executor.parallel:run_until_complete finished with '0'
[2.782s] DEBUG:colcon.colcon_core.event_reactor:joining thread
[2.791s] INFO:colcon.colcon_core.plugin_system:Skipping extension 'colcon_notification.desktop_notification.terminal_notifier': Not used on non-Darwin systems
[2.791s] INFO:colcon.colcon_core.plugin_system:Skipping extension 'colcon_notification.desktop_notification.win32': Not used on non-Windows systems
[2.791s] INFO:colcon.colcon_notification.desktop_notification:Sending desktop notification using 'notify2'
[2.825s] DEBUG:colcon.colcon_core.event_reactor:joined thread
[2.825s] INFO:colcon.colcon_core.shell:Creating prefix script '/home/reiv/workspace/MR_week1/Challenge_1/install/local_setup.ps1'
[2.827s] INFO:colcon.colcon_core.shell:Creating prefix util module '/home/reiv/workspace/MR_week1/Challenge_1/install/_local_setup_util_ps1.py'
[2.831s] INFO:colcon.colcon_core.shell:Creating prefix chain script '/home/reiv/workspace/MR_week1/Challenge_1/install/setup.ps1'
[2.833s] INFO:colcon.colcon_core.shell:Creating prefix script '/home/reiv/workspace/MR_week1/Challenge_1/install/local_setup.sh'
[2.834s] INFO:colcon.colcon_core.shell:Creating prefix util module '/home/reiv/workspace/MR_week1/Challenge_1/install/_local_setup_util_sh.py'
[2.836s] INFO:colcon.colcon_core.shell:Creating prefix chain script '/home/reiv/workspace/MR_week1/Challenge_1/install/setup.sh'
[2.842s] INFO:colcon.colcon_core.shell:Creating prefix script '/home/reiv/workspace/MR_week1/Challenge_1/install/local_setup.bash'
[2.843s] INFO:colcon.colcon_core.shell:Creating prefix chain script '/home/reiv/workspace/MR_week1/Challenge_1/install/setup.bash'
[2.845s] INFO:colcon.colcon_core.shell:Creating prefix script '/home/reiv/workspace/MR_week1/Challenge_1/install/local_setup.zsh'
[2.847s] INFO:colcon.colcon_core.shell:Creating prefix chain script '/home/reiv/workspace/MR_week1/Challenge_1/install/setup.zsh'
