[0.131s] DEBUG:colcon:Command line arguments: ['/usr/bin/colcon', 'build']
[0.131s] DEBUG:colcon:Parsed command line arguments: Namespace(log_base=None, log_level=None, verb_name='build', build_base='build', install_base='install', merge_install=False, symlink_install=False, test_result_base=None, continue_on_error=False, executor='parallel', parallel_workers=12, event_handlers=None, ignore_user_meta=False, metas=['./colcon.meta'], base_paths=['.'], packages_ignore=None, packages_ignore_regex=None, paths=None, packages_up_to=None, packages_up_to_regex=None, packages_above=None, packages_above_and_dependencies=None, packages_above_depth=None, packages_select_by_dep=None, packages_skip_by_dep=None, packages_skip_up_to=None, packages_select_build_failed=False, packages_skip_build_finished=False, packages_select_test_failures=False, packages_skip_test_passed=False, packages_select=None, packages_skip=None, packages_select_regex=None, packages_skip_regex=None, packages_start=None, packages_end=None, allow_overriding=[], cmake_args=None, cmake_target=None, cmake_target_skip_unavailable=False, cmake_clean_cache=False, cmake_clean_first=False, cmake_force_configure=False, ament_cmake_args=None, catkin_cmake_args=None, catkin_skip_building_tests=False, mixin_files=None, mixin=None, verb_parser=<colcon_mixin.mixin.mixin_argument.MixinArgumentDecorator object at 0x7783c3155930>, verb_extension=<colcon_core.verb.build.BuildVerb object at 0x7783c32cb040>, main=<bound method BuildVerb.main of <colcon_core.verb.build.BuildVerb object at 0x7783c32cb040>>, mixin_verb=('build',))
[0.324s] Level 1:colcon.colcon_core.package_discovery:discover_packages(colcon_meta) check parameters
[0.324s] Level 1:colcon.colcon_core.package_discovery:discover_packages(recursive) check parameters
[0.324s] Level 1:colcon.colcon_core.package_discovery:discover_packages(ignore) check parameters
[0.324s] Level 1:colcon.colcon_core.package_discovery:discover_packages(path) check parameters
[0.324s] Level 1:colcon.colcon_core.package_discovery:discover_packages(colcon_meta) discover
[0.324s] Level 1:colcon.colcon_core.package_discovery:discover_packages(recursive) discover
[0.324s] INFO:colcon.colcon_core.package_discovery:Crawling recursively for packages in '/home/reiv/workspace/MR_week2/Challenge_2'
[0.325s] Level 1:colcon.colcon_core.package_identification:_identify(.) by extensions ['ignore', 'ignore_ament_install']
[0.325s] Level 1:colcon.colcon_core.package_identification:_identify(.) by extension 'ignore'
[0.325s] Level 1:colcon.colcon_core.package_identification:_identify(.) by extension 'ignore_ament_install'
[0.325s] Level 1:colcon.colcon_core.package_identification:_identify(.) by extensions ['colcon_pkg']
[0.325s] Level 1:colcon.colcon_core.package_identification:_identify(.) by extension 'colcon_pkg'
[0.325s] Level 1:colcon.colcon_core.package_identification:_identify(.) by extensions ['colcon_meta']
[0.325s] Level 1:colcon.colcon_core.package_identification:_identify(.) by extension 'colcon_meta'
[0.325s] Level 1:colcon.colcon_core.package_identification:_identify(.) by extensions ['ros']
[0.325s] Level 1:colcon.colcon_core.package_identification:_identify(.) by extension 'ros'
[0.333s] Level 1:colcon.colcon_core.package_identification:_identify(.) by extensions ['cmake', 'python']
[0.333s] Level 1:colcon.colcon_core.package_identification:_identify(.) by extension 'cmake'
[0.333s] Level 1:colcon.colcon_core.package_identification:_identify(.) by extension 'python'
[0.333s] Level 1:colcon.colcon_core.package_identification:_identify(.) by extensions ['python_setup_py']
[0.333s] Level 1:colcon.colcon_core.package_identification:_identify(.) by extension 'python_setup_py'
[0.333s] Level 1:colcon.colcon_core.package_identification:_identify(build) by extensions ['ignore', 'ignore_ament_install']
[0.333s] Level 1:colcon.colcon_core.package_identification:_identify(build) by extension 'ignore'
[0.334s] Level 1:colcon.colcon_core.package_identification:_identify(build) ignored
[0.334s] Level 1:colcon.colcon_core.package_identification:_identify(install) by extensions ['ignore', 'ignore_ament_install']
[0.334s] Level 1:colcon.colcon_core.package_identification:_identify(install) by extension 'ignore'
[0.334s] Level 1:colcon.colcon_core.package_identification:_identify(install) ignored
[0.334s] Level 1:colcon.colcon_core.package_identification:_identify(log) by extensions ['ignore', 'ignore_ament_install']
[0.334s] Level 1:colcon.colcon_core.package_identification:_identify(log) by extension 'ignore'
[0.334s] Level 1:colcon.colcon_core.package_identification:_identify(log) ignored
[0.334s] Level 1:colcon.colcon_core.package_identification:_identify(src) by extensions ['ignore', 'ignore_ament_install']
[0.334s] Level 1:colcon.colcon_core.package_identification:_identify(src) by extension 'ignore'
[0.334s] Level 1:colcon.colcon_core.package_identification:_identify(src) by extension 'ignore_ament_install'
[0.334s] Level 1:colcon.colcon_core.package_identification:_identify(src) by extensions ['colcon_pkg']
[0.334s] Level 1:colcon.colcon_core.package_identification:_identify(src) by extension 'colcon_pkg'
[0.334s] Level 1:colcon.colcon_core.package_identification:_identify(src) by extensions ['colcon_meta']
[0.334s] Level 1:colcon.colcon_core.package_identification:_identify(src) by extension 'colcon_meta'
[0.334s] Level 1:colcon.colcon_core.package_identification:_identify(src) by extensions ['ros']
[0.334s] Level 1:colcon.colcon_core.package_identification:_identify(src) by extension 'ros'
[0.334s] Level 1:colcon.colcon_core.package_identification:_identify(src) by extensions ['cmake', 'python']
[0.334s] Level 1:colcon.colcon_core.package_identification:_identify(src) by extension 'cmake'
[0.334s] Level 1:colcon.colcon_core.package_identification:_identify(src) by extension 'python'
[0.334s] Level 1:colcon.colcon_core.package_identification:_identify(src) by extensions ['python_setup_py']
[0.334s] Level 1:colcon.colcon_core.package_identification:_identify(src) by extension 'python_setup_py'
[0.334s] Level 1:colcon.colcon_core.package_identification:_identify(src/custom_interfaces) by extensions ['ignore', 'ignore_ament_install']
[0.335s] Level 1:colcon.colcon_core.package_identification:_identify(src/custom_interfaces) by extension 'ignore'
[0.335s] Level 1:colcon.colcon_core.package_identification:_identify(src/custom_interfaces) by extension 'ignore_ament_install'
[0.335s] Level 1:colcon.colcon_core.package_identification:_identify(src/custom_interfaces) by extensions ['colcon_pkg']
[0.335s] Level 1:colcon.colcon_core.package_identification:_identify(src/custom_interfaces) by extension 'colcon_pkg'
[0.335s] Level 1:colcon.colcon_core.package_identification:_identify(src/custom_interfaces) by extensions ['colcon_meta']
[0.335s] Level 1:colcon.colcon_core.package_identification:_identify(src/custom_interfaces) by extension 'colcon_meta'
[0.335s] Level 1:colcon.colcon_core.package_identification:_identify(src/custom_interfaces) by extensions ['ros']
[0.335s] Level 1:colcon.colcon_core.package_identification:_identify(src/custom_interfaces) by extension 'ros'
[0.338s] DEBUG:colcon.colcon_core.package_identification:Package 'src/custom_interfaces' with type 'ros.ament_cmake' and name 'custom_interfaces'
[0.338s] Level 1:colcon.colcon_core.package_identification:_identify(src/motor_control) by extensions ['ignore', 'ignore_ament_install']
[0.338s] Level 1:colcon.colcon_core.package_identification:_identify(src/motor_control) by extension 'ignore'
[0.338s] Level 1:colcon.colcon_core.package_identification:_identify(src/motor_control) by extension 'ignore_ament_install'
[0.338s] Level 1:colcon.colcon_core.package_identification:_identify(src/motor_control) by extensions ['colcon_pkg']
[0.338s] Level 1:colcon.colcon_core.package_identification:_identify(src/motor_control) by extension 'colcon_pkg'
[0.338s] Level 1:colcon.colcon_core.package_identification:_identify(src/motor_control) by extensions ['colcon_meta']
[0.338s] Level 1:colcon.colcon_core.package_identification:_identify(src/motor_control) by extension 'colcon_meta'
[0.338s] Level 1:colcon.colcon_core.package_identification:_identify(src/motor_control) by extensions ['ros']
[0.338s] Level 1:colcon.colcon_core.package_identification:_identify(src/motor_control) by extension 'ros'
[0.339s] DEBUG:colcon.colcon_core.package_identification:Package 'src/motor_control' with type 'ros.ament_python' and name 'motor_control'
[0.339s] Level 1:colcon.colcon_core.package_discovery:discover_packages(recursive) using defaults
[0.339s] Level 1:colcon.colcon_core.package_discovery:discover_packages(ignore) discover
[0.339s] Level 1:colcon.colcon_core.package_discovery:discover_packages(ignore) using defaults
[0.339s] Level 1:colcon.colcon_core.package_discovery:discover_packages(path) discover
[0.339s] Level 1:colcon.colcon_core.package_discovery:discover_packages(path) using defaults
[0.371s] Level 1:colcon.colcon_core.package_discovery:discover_packages(prefix_path) check parameters
[0.371s] Level 1:colcon.colcon_core.package_discovery:discover_packages(prefix_path) discover
[0.374s] DEBUG:colcon.colcon_installed_package_information.package_discovery:Found 2 installed packages in /home/reiv/workspace/MR_week2/Challenge_2/install
[0.375s] DEBUG:colcon.colcon_installed_package_information.package_discovery:Found 273 installed packages in /opt/ros/humble
[0.376s] Level 1:colcon.colcon_core.package_discovery:discover_packages(prefix_path) using defaults
[0.425s] Level 5:colcon.colcon_core.verb:set package 'custom_interfaces' build argument 'cmake_args' from command line to 'None'
[0.425s] Level 5:colcon.colcon_core.verb:set package 'custom_interfaces' build argument 'cmake_target' from command line to 'None'
[0.425s] Level 5:colcon.colcon_core.verb:set package 'custom_interfaces' build argument 'cmake_target_skip_unavailable' from command line to 'False'
[0.425s] Level 5:colcon.colcon_core.verb:set package 'custom_interfaces' build argument 'cmake_clean_cache' from command line to 'False'
[0.425s] Level 5:colcon.colcon_core.verb:set package 'custom_interfaces' build argument 'cmake_clean_first' from command line to 'False'
[0.425s] Level 5:colcon.colcon_core.verb:set package 'custom_interfaces' build argument 'cmake_force_configure' from command line to 'False'
[0.425s] Level 5:colcon.colcon_core.verb:set package 'custom_interfaces' build argument 'ament_cmake_args' from command line to 'None'
[0.425s] Level 5:colcon.colcon_core.verb:set package 'custom_interfaces' build argument 'catkin_cmake_args' from command line to 'None'
[0.425s] Level 5:colcon.colcon_core.verb:set package 'custom_interfaces' build argument 'catkin_skip_building_tests' from command line to 'False'
[0.425s] DEBUG:colcon.colcon_core.verb:Building package 'custom_interfaces' with the following arguments: {'ament_cmake_args': None, 'build_base': '/home/reiv/workspace/MR_week2/Challenge_2/build/custom_interfaces', 'catkin_cmake_args': None, 'catkin_skip_building_tests': False, 'cmake_args': None, 'cmake_clean_cache': False, 'cmake_clean_first': False, 'cmake_force_configure': False, 'cmake_target': None, 'cmake_target_skip_unavailable': False, 'install_base': '/home/reiv/workspace/MR_week2/Challenge_2/install/custom_interfaces', 'merge_install': False, 'path': '/home/reiv/workspace/MR_week2/Challenge_2/src/custom_interfaces', 'symlink_install': False, 'test_result_base': None}
[0.425s] Level 5:colcon.colcon_core.verb:set package 'motor_control' build argument 'cmake_args' from command line to 'None'
[0.425s] Level 5:colcon.colcon_core.verb:set package 'motor_control' build argument 'cmake_target' from command line to 'None'
[0.426s] Level 5:colcon.colcon_core.verb:set package 'motor_control' build argument 'cmake_target_skip_unavailable' from command line to 'False'
[0.426s] Level 5:colcon.colcon_core.verb:set package 'motor_control' build argument 'cmake_clean_cache' from command line to 'False'
[0.426s] Level 5:colcon.colcon_core.verb:set package 'motor_control' build argument 'cmake_clean_first' from command line to 'False'
[0.426s] Level 5:colcon.colcon_core.verb:set package 'motor_control' build argument 'cmake_force_configure' from command line to 'False'
[0.426s] Level 5:colcon.colcon_core.verb:set package 'motor_control' build argument 'ament_cmake_args' from command line to 'None'
[0.426s] Level 5:colcon.colcon_core.verb:set package 'motor_control' build argument 'catkin_cmake_args' from command line to 'None'
[0.426s] Level 5:colcon.colcon_core.verb:set package 'motor_control' build argument 'catkin_skip_building_tests' from command line to 'False'
[0.426s] DEBUG:colcon.colcon_core.verb:Building package 'motor_control' with the following arguments: {'ament_cmake_args': None, 'build_base': '/home/reiv/workspace/MR_week2/Challenge_2/build/motor_control', 'catkin_cmake_args': None, 'catkin_skip_building_tests': False, 'cmake_args': None, 'cmake_clean_cache': False, 'cmake_clean_first': False, 'cmake_force_configure': False, 'cmake_target': None, 'cmake_target_skip_unavailable': False, 'install_base': '/home/reiv/workspace/MR_week2/Challenge_2/install/motor_control', 'merge_install': False, 'path': '/home/reiv/workspace/MR_week2/Challenge_2/src/motor_control', 'symlink_install': False, 'test_result_base': None}
[0.426s] INFO:colcon.colcon_core.executor:Executing jobs using 'parallel' executor
[0.426s] DEBUG:colcon.colcon_parallel_executor.executor.parallel:run_until_complete
[0.427s] INFO:colcon.colcon_ros.task.ament_cmake.build:Building ROS package in '/home/reiv/workspace/MR_week2/Challenge_2/src/custom_interfaces' with build type 'ament_cmake'
[0.427s] INFO:colcon.colcon_cmake.task.cmake.build:Building CMake package in '/home/reiv/workspace/MR_week2/Challenge_2/src/custom_interfaces'
[0.431s] INFO:colcon.colcon_core.plugin_system:Skipping extension 'colcon_core.shell.bat': Not used on non-Windows systems
[0.431s] INFO:colcon.colcon_core.shell:Skip shell extension 'powershell' for command environment: Not usable outside of PowerShell
[0.431s] DEBUG:colcon.colcon_core.shell:Skip shell extension 'dsv' for command environment
[0.434s] INFO:colcon.colcon_ros.task.ament_python.build:Building ROS package in '/home/reiv/workspace/MR_week2/Challenge_2/src/motor_control' with build type 'ament_python'
[0.435s] Level 1:colcon.colcon_core.shell:create_environment_hook('motor_control', 'ament_prefix_path')
[0.435s] INFO:colcon.colcon_core.shell:Creating environment hook '/home/reiv/workspace/MR_week2/Challenge_2/install/motor_control/share/motor_control/hook/ament_prefix_path.ps1'
[0.436s] INFO:colcon.colcon_core.shell:Creating environment descriptor '/home/reiv/workspace/MR_week2/Challenge_2/install/motor_control/share/motor_control/hook/ament_prefix_path.dsv'
[0.436s] INFO:colcon.colcon_core.shell:Creating environment hook '/home/reiv/workspace/MR_week2/Challenge_2/install/motor_control/share/motor_control/hook/ament_prefix_path.sh'
[0.437s] INFO:colcon.colcon_core.shell:Skip shell extension 'powershell' for command environment: Not usable outside of PowerShell
[0.437s] DEBUG:colcon.colcon_core.shell:Skip shell extension 'dsv' for command environment
[0.443s] DEBUG:colcon.colcon_core.event_handler.log_command:Invoking command in '/home/reiv/workspace/MR_week2/Challenge_2/build/custom_interfaces': CMAKE_PREFIX_PATH=${CMAKE_PREFIX_PATH}:/home/reiv/workspace/MR_week2/Challenge_2/install/motor_control:/opt/ros/humble /usr/bin/cmake --build /home/reiv/workspace/MR_week2/Challenge_2/build/custom_interfaces -- -j12 -l12
[0.644s] INFO:colcon.colcon_core.task.python.build:Building Python package in '/home/reiv/workspace/MR_week2/Challenge_2/src/motor_control'
[0.645s] INFO:colcon.colcon_core.shell:Skip shell extension 'powershell' for command environment: Not usable outside of PowerShell
[0.645s] DEBUG:colcon.colcon_core.shell:Skip shell extension 'dsv' for command environment
[0.784s] DEBUG:colcon.colcon_core.event_handler.log_command:Invoked command in '/home/reiv/workspace/MR_week2/Challenge_2/build/custom_interfaces' returned '0': CMAKE_PREFIX_PATH=${CMAKE_PREFIX_PATH}:/home/reiv/workspace/MR_week2/Challenge_2/install/motor_control:/opt/ros/humble /usr/bin/cmake --build /home/reiv/workspace/MR_week2/Challenge_2/build/custom_interfaces -- -j12 -l12
[0.794s] DEBUG:colcon.colcon_core.event_handler.log_command:Invoking command in '/home/reiv/workspace/MR_week2/Challenge_2/build/custom_interfaces': CMAKE_PREFIX_PATH=${CMAKE_PREFIX_PATH}:/home/reiv/workspace/MR_week2/Challenge_2/install/motor_control:/opt/ros/humble /usr/bin/cmake --install /home/reiv/workspace/MR_week2/Challenge_2/build/custom_interfaces
[0.848s] Level 1:colcon.colcon_core.environment:create_environment_scripts_only(custom_interfaces)
[0.848s] DEBUG:colcon.colcon_core.event_handler.log_command:Invoked command in '/home/reiv/workspace/MR_week2/Challenge_2/build/custom_interfaces' returned '0': CMAKE_PREFIX_PATH=${CMAKE_PREFIX_PATH}:/home/reiv/workspace/MR_week2/Challenge_2/install/motor_control:/opt/ros/humble /usr/bin/cmake --install /home/reiv/workspace/MR_week2/Challenge_2/build/custom_interfaces
[0.851s] Level 1:colcon.colcon_core.environment:checking '/home/reiv/workspace/MR_week2/Challenge_2/install/custom_interfaces' for CMake module files
[0.852s] Level 1:colcon.colcon_core.environment:checking '/home/reiv/workspace/MR_week2/Challenge_2/install/custom_interfaces' for CMake config files
[0.852s] Level 1:colcon.colcon_core.shell:create_environment_hook('custom_interfaces', 'cmake_prefix_path')
[0.852s] INFO:colcon.colcon_core.shell:Creating environment hook '/home/reiv/workspace/MR_week2/Challenge_2/install/custom_interfaces/share/custom_interfaces/hook/cmake_prefix_path.ps1'
[0.853s] INFO:colcon.colcon_core.shell:Creating environment descriptor '/home/reiv/workspace/MR_week2/Challenge_2/install/custom_interfaces/share/custom_interfaces/hook/cmake_prefix_path.dsv'
[0.853s] INFO:colcon.colcon_core.shell:Creating environment hook '/home/reiv/workspace/MR_week2/Challenge_2/install/custom_interfaces/share/custom_interfaces/hook/cmake_prefix_path.sh'
[0.854s] Level 1:colcon.colcon_core.environment:checking '/home/reiv/workspace/MR_week2/Challenge_2/install/custom_interfaces/lib'
[0.854s] Level 1:colcon.colcon_core.shell:create_environment_hook('custom_interfaces', 'ld_library_path_lib')
[0.854s] INFO:colcon.colcon_core.shell:Creating environment hook '/home/reiv/workspace/MR_week2/Challenge_2/install/custom_interfaces/share/custom_interfaces/hook/ld_library_path_lib.ps1'
[0.854s] INFO:colcon.colcon_core.shell:Creating environment descriptor '/home/reiv/workspace/MR_week2/Challenge_2/install/custom_interfaces/share/custom_interfaces/hook/ld_library_path_lib.dsv'
[0.854s] INFO:colcon.colcon_core.shell:Creating environment hook '/home/reiv/workspace/MR_week2/Challenge_2/install/custom_interfaces/share/custom_interfaces/hook/ld_library_path_lib.sh'
[0.855s] Level 1:colcon.colcon_core.environment:checking '/home/reiv/workspace/MR_week2/Challenge_2/install/custom_interfaces/bin'
[0.855s] Level 1:colcon.colcon_core.environment:checking '/home/reiv/workspace/MR_week2/Challenge_2/install/custom_interfaces/lib/pkgconfig/custom_interfaces.pc'
[0.855s] Level 1:colcon.colcon_core.environment:checking '/home/reiv/workspace/MR_week2/Challenge_2/install/custom_interfaces/lib/python3.10/site-packages'
[0.855s] Level 1:colcon.colcon_core.environment:checking '/home/reiv/workspace/MR_week2/Challenge_2/install/custom_interfaces/bin'
[0.855s] INFO:colcon.colcon_core.shell:Creating package script '/home/reiv/workspace/MR_week2/Challenge_2/install/custom_interfaces/share/custom_interfaces/package.ps1'
[0.856s] INFO:colcon.colcon_core.shell:Creating package descriptor '/home/reiv/workspace/MR_week2/Challenge_2/install/custom_interfaces/share/custom_interfaces/package.dsv'
[0.857s] INFO:colcon.colcon_core.shell:Creating package script '/home/reiv/workspace/MR_week2/Challenge_2/install/custom_interfaces/share/custom_interfaces/package.sh'
[0.857s] INFO:colcon.colcon_core.shell:Creating package script '/home/reiv/workspace/MR_week2/Challenge_2/install/custom_interfaces/share/custom_interfaces/package.bash'
[0.858s] INFO:colcon.colcon_core.shell:Creating package script '/home/reiv/workspace/MR_week2/Challenge_2/install/custom_interfaces/share/custom_interfaces/package.zsh'
[0.859s] Level 1:colcon.colcon_core.environment:create_file_with_runtime_dependencies(/home/reiv/workspace/MR_week2/Challenge_2/install/custom_interfaces/share/colcon-core/packages/custom_interfaces)
[0.859s] Level 1:colcon.colcon_core.environment:create_environment_scripts_only(custom_interfaces)
[0.859s] Level 1:colcon.colcon_core.environment:checking '/home/reiv/workspace/MR_week2/Challenge_2/install/custom_interfaces' for CMake module files
[0.860s] Level 1:colcon.colcon_core.environment:checking '/home/reiv/workspace/MR_week2/Challenge_2/install/custom_interfaces' for CMake config files
[0.860s] Level 1:colcon.colcon_core.shell:create_environment_hook('custom_interfaces', 'cmake_prefix_path')
[0.860s] INFO:colcon.colcon_core.shell:Creating environment hook '/home/reiv/workspace/MR_week2/Challenge_2/install/custom_interfaces/share/custom_interfaces/hook/cmake_prefix_path.ps1'
[0.861s] INFO:colcon.colcon_core.shell:Creating environment descriptor '/home/reiv/workspace/MR_week2/Challenge_2/install/custom_interfaces/share/custom_interfaces/hook/cmake_prefix_path.dsv'
[0.861s] INFO:colcon.colcon_core.shell:Creating environment hook '/home/reiv/workspace/MR_week2/Challenge_2/install/custom_interfaces/share/custom_interfaces/hook/cmake_prefix_path.sh'
[0.861s] Level 1:colcon.colcon_core.environment:checking '/home/reiv/workspace/MR_week2/Challenge_2/install/custom_interfaces/lib'
[0.861s] Level 1:colcon.colcon_core.shell:create_environment_hook('custom_interfaces', 'ld_library_path_lib')
[0.862s] INFO:colcon.colcon_core.shell:Creating environment hook '/home/reiv/workspace/MR_week2/Challenge_2/install/custom_interfaces/share/custom_interfaces/hook/ld_library_path_lib.ps1'
[0.862s] INFO:colcon.colcon_core.shell:Creating environment descriptor '/home/reiv/workspace/MR_week2/Challenge_2/install/custom_interfaces/share/custom_interfaces/hook/ld_library_path_lib.dsv'
[0.862s] INFO:colcon.colcon_core.shell:Creating environment hook '/home/reiv/workspace/MR_week2/Challenge_2/install/custom_interfaces/share/custom_interfaces/hook/ld_library_path_lib.sh'
[0.862s] Level 1:colcon.colcon_core.environment:checking '/home/reiv/workspace/MR_week2/Challenge_2/install/custom_interfaces/bin'
[0.862s] Level 1:colcon.colcon_core.environment:checking '/home/reiv/workspace/MR_week2/Challenge_2/install/custom_interfaces/lib/pkgconfig/custom_interfaces.pc'
[0.863s] Level 1:colcon.colcon_core.environment:checking '/home/reiv/workspace/MR_week2/Challenge_2/install/custom_interfaces/lib/python3.10/site-packages'
[0.863s] Level 1:colcon.colcon_core.environment:checking '/home/reiv/workspace/MR_week2/Challenge_2/install/custom_interfaces/bin'
[0.863s] INFO:colcon.colcon_core.shell:Creating package script '/home/reiv/workspace/MR_week2/Challenge_2/install/custom_interfaces/share/custom_interfaces/package.ps1'
[0.863s] INFO:colcon.colcon_core.shell:Creating package descriptor '/home/reiv/workspace/MR_week2/Challenge_2/install/custom_interfaces/share/custom_interfaces/package.dsv'
[0.864s] INFO:colcon.colcon_core.shell:Creating package script '/home/reiv/workspace/MR_week2/Challenge_2/install/custom_interfaces/share/custom_interfaces/package.sh'
[0.864s] INFO:colcon.colcon_core.shell:Creating package script '/home/reiv/workspace/MR_week2/Challenge_2/install/custom_interfaces/share/custom_interfaces/package.bash'
[0.864s] INFO:colcon.colcon_core.shell:Creating package script '/home/reiv/workspace/MR_week2/Challenge_2/install/custom_interfaces/share/custom_interfaces/package.zsh'
[0.865s] Level 1:colcon.colcon_core.environment:create_file_with_runtime_dependencies(/home/reiv/workspace/MR_week2/Challenge_2/install/custom_interfaces/share/colcon-core/packages/custom_interfaces)
[0.914s] DEBUG:colcon.colcon_core.event_handler.log_command:Invoking command in '/home/reiv/workspace/MR_week2/Challenge_2/src/motor_control': PYTHONPATH=/home/reiv/workspace/MR_week2/Challenge_2/build/motor_control/prefix_override:/usr/lib/python3/dist-packages/colcon_core/task/python/colcon_distutils_commands:/home/reiv/workspace/MR_week2/Challenge_2/install/motor_control/lib/python3.10/site-packages:${PYTHONPATH} /usr/bin/python3 -W ignore:setup.py install is deprecated -W ignore:easy_install command is deprecated setup.py egg_info --egg-base ../../build/motor_control build --build-base /home/reiv/workspace/MR_week2/Challenge_2/build/motor_control/build install --record /home/reiv/workspace/MR_week2/Challenge_2/build/motor_control/install.log --single-version-externally-managed install_data
[1.118s] Level 1:colcon.colcon_core.environment:checking '/home/reiv/workspace/MR_week2/Challenge_2/install/motor_control' for CMake module files
[1.119s] DEBUG:colcon.colcon_core.event_handler.log_command:Invoked command in '/home/reiv/workspace/MR_week2/Challenge_2/src/motor_control' returned '0': PYTHONPATH=/home/reiv/workspace/MR_week2/Challenge_2/build/motor_control/prefix_override:/usr/lib/python3/dist-packages/colcon_core/task/python/colcon_distutils_commands:/home/reiv/workspace/MR_week2/Challenge_2/install/motor_control/lib/python3.10/site-packages:${PYTHONPATH} /usr/bin/python3 -W ignore:setup.py install is deprecated -W ignore:easy_install command is deprecated setup.py egg_info --egg-base ../../build/motor_control build --build-base /home/reiv/workspace/MR_week2/Challenge_2/build/motor_control/build install --record /home/reiv/workspace/MR_week2/Challenge_2/build/motor_control/install.log --single-version-externally-managed install_data
[1.119s] Level 1:colcon.colcon_core.environment:checking '/home/reiv/workspace/MR_week2/Challenge_2/install/motor_control' for CMake config files
[1.120s] Level 1:colcon.colcon_core.environment:checking '/home/reiv/workspace/MR_week2/Challenge_2/install/motor_control/lib'
[1.120s] Level 1:colcon.colcon_core.environment:checking '/home/reiv/workspace/MR_week2/Challenge_2/install/motor_control/bin'
[1.120s] Level 1:colcon.colcon_core.environment:checking '/home/reiv/workspace/MR_week2/Challenge_2/install/motor_control/lib/pkgconfig/motor_control.pc'
[1.120s] Level 1:colcon.colcon_core.environment:checking '/home/reiv/workspace/MR_week2/Challenge_2/install/motor_control/lib/python3.10/site-packages'
[1.121s] Level 1:colcon.colcon_core.shell:create_environment_hook('motor_control', 'pythonpath')
[1.121s] INFO:colcon.colcon_core.shell:Creating environment hook '/home/reiv/workspace/MR_week2/Challenge_2/install/motor_control/share/motor_control/hook/pythonpath.ps1'
[1.121s] INFO:colcon.colcon_core.shell:Creating environment descriptor '/home/reiv/workspace/MR_week2/Challenge_2/install/motor_control/share/motor_control/hook/pythonpath.dsv'
[1.121s] INFO:colcon.colcon_core.shell:Creating environment hook '/home/reiv/workspace/MR_week2/Challenge_2/install/motor_control/share/motor_control/hook/pythonpath.sh'
[1.122s] Level 1:colcon.colcon_core.environment:checking '/home/reiv/workspace/MR_week2/Challenge_2/install/motor_control/bin'
[1.122s] Level 1:colcon.colcon_core.environment:create_environment_scripts_only(motor_control)
[1.122s] INFO:colcon.colcon_core.shell:Creating package script '/home/reiv/workspace/MR_week2/Challenge_2/install/motor_control/share/motor_control/package.ps1'
[1.122s] INFO:colcon.colcon_core.shell:Creating package descriptor '/home/reiv/workspace/MR_week2/Challenge_2/install/motor_control/share/motor_control/package.dsv'
[1.123s] INFO:colcon.colcon_core.shell:Creating package script '/home/reiv/workspace/MR_week2/Challenge_2/install/motor_control/share/motor_control/package.sh'
[1.123s] INFO:colcon.colcon_core.shell:Creating package script '/home/reiv/workspace/MR_week2/Challenge_2/install/motor_control/share/motor_control/package.bash'
[1.123s] INFO:colcon.colcon_core.shell:Creating package script '/home/reiv/workspace/MR_week2/Challenge_2/install/motor_control/share/motor_control/package.zsh'
[1.123s] Level 1:colcon.colcon_core.environment:create_file_with_runtime_dependencies(/home/reiv/workspace/MR_week2/Challenge_2/install/motor_control/share/colcon-core/packages/motor_control)
[1.124s] DEBUG:colcon.colcon_parallel_executor.executor.parallel:closing loop
[1.124s] DEBUG:colcon.colcon_parallel_executor.executor.parallel:loop closed
[1.124s] DEBUG:colcon.colcon_parallel_executor.executor.parallel:run_until_complete finished with '0'
[1.124s] DEBUG:colcon.colcon_core.event_reactor:joining thread
[1.132s] INFO:colcon.colcon_core.plugin_system:Skipping extension 'colcon_notification.desktop_notification.terminal_notifier': Not used on non-Darwin systems
[1.132s] INFO:colcon.colcon_core.plugin_system:Skipping extension 'colcon_notification.desktop_notification.win32': Not used on non-Windows systems
[1.132s] INFO:colcon.colcon_notification.desktop_notification:Sending desktop notification using 'notify2'
[1.180s] DEBUG:colcon.colcon_core.event_reactor:joined thread
[1.180s] INFO:colcon.colcon_core.shell:Creating prefix script '/home/reiv/workspace/MR_week2/Challenge_2/install/local_setup.ps1'
[1.181s] INFO:colcon.colcon_core.shell:Creating prefix util module '/home/reiv/workspace/MR_week2/Challenge_2/install/_local_setup_util_ps1.py'
[1.183s] INFO:colcon.colcon_core.shell:Creating prefix chain script '/home/reiv/workspace/MR_week2/Challenge_2/install/setup.ps1'
[1.183s] INFO:colcon.colcon_core.shell:Creating prefix script '/home/reiv/workspace/MR_week2/Challenge_2/install/local_setup.sh'
[1.184s] INFO:colcon.colcon_core.shell:Creating prefix util module '/home/reiv/workspace/MR_week2/Challenge_2/install/_local_setup_util_sh.py'
[1.184s] INFO:colcon.colcon_core.shell:Creating prefix chain script '/home/reiv/workspace/MR_week2/Challenge_2/install/setup.sh'
[1.186s] INFO:colcon.colcon_core.shell:Creating prefix script '/home/reiv/workspace/MR_week2/Challenge_2/install/local_setup.bash'
[1.187s] INFO:colcon.colcon_core.shell:Creating prefix chain script '/home/reiv/workspace/MR_week2/Challenge_2/install/setup.bash'
[1.188s] INFO:colcon.colcon_core.shell:Creating prefix script '/home/reiv/workspace/MR_week2/Challenge_2/install/local_setup.zsh'
[1.188s] INFO:colcon.colcon_core.shell:Creating prefix chain script '/home/reiv/workspace/MR_week2/Challenge_2/install/setup.zsh'
