[0.545s] Invoking command in '/home/reiv/workspace/MR_week1/Challenge_1/src/signal_processing': PYTHONPATH=/home/reiv/workspace/MR_week1/Challenge_1/build/signal_processing/prefix_override:/usr/lib/python3/dist-packages/colcon_core/task/python/colcon_distutils_commands:/home/reiv/workspace/MR_week1/Challenge_1/install/signal_processing/lib/python3.10/site-packages:${PYTHONPATH} /usr/bin/python3 -W ignore:setup.py install is deprecated -W ignore:easy_install command is deprecated setup.py egg_info --egg-base ../../build/signal_processing build --build-base /home/reiv/workspace/MR_week1/Challenge_1/build/signal_processing/build install --record /home/reiv/workspace/MR_week1/Challenge_1/build/signal_processing/install.log --single-version-externally-managed install_data
[0.712s] running egg_info
[0.712s] writing ../../build/signal_processing/signal_processing.egg-info/PKG-INFO
[0.712s] writing dependency_links to ../../build/signal_processing/signal_processing.egg-info/dependency_links.txt
[0.713s] writing entry points to ../../build/signal_processing/signal_processing.egg-info/entry_points.txt
[0.713s] writing requirements to ../../build/signal_processing/signal_processing.egg-info/requires.txt
[0.713s] writing top-level names to ../../build/signal_processing/signal_processing.egg-info/top_level.txt
[0.714s] reading manifest file '../../build/signal_processing/signal_processing.egg-info/SOURCES.txt'
[0.715s] writing manifest file '../../build/signal_processing/signal_processing.egg-info/SOURCES.txt'
[0.715s] running build
[0.715s] running build_py
[0.715s] running install
[0.716s] running install_lib
[0.717s] byte-compiling /home/reiv/workspace/MR_week1/Challenge_1/install/signal_processing/lib/python3.10/site-packages/signal_processing/process.py to process.cpython-310.pyc
[0.717s]   File "/home/reiv/workspace/MR_week1/Challenge_1/install/signal_processing/lib/python3.10/site-packages/signal_processing/process.py", line 5
[0.717s]     class 
[0.717s]           ^
[0.717s] SyntaxError: invalid syntax
[0.717s] 
[0.717s] running install_data
[0.717s] running install_egg_info
[0.718s] removing '/home/reiv/workspace/MR_week1/Challenge_1/install/signal_processing/lib/python3.10/site-packages/signal_processing-0.0.0-py3.10.egg-info' (and everything under it)
[0.718s] Copying ../../build/signal_processing/signal_processing.egg-info to /home/reiv/workspace/MR_week1/Challenge_1/install/signal_processing/lib/python3.10/site-packages/signal_processing-0.0.0-py3.10.egg-info
[0.719s] running install_scripts
[0.737s] writing list of installed files to '/home/reiv/workspace/MR_week1/Challenge_1/build/signal_processing/install.log'
[0.761s] Invoked command in '/home/reiv/workspace/MR_week1/Challenge_1/src/signal_processing' returned '0': PYTHONPATH=/home/reiv/workspace/MR_week1/Challenge_1/build/signal_processing/prefix_override:/usr/lib/python3/dist-packages/colcon_core/task/python/colcon_distutils_commands:/home/reiv/workspace/MR_week1/Challenge_1/install/signal_processing/lib/python3.10/site-packages:${PYTHONPATH} /usr/bin/python3 -W ignore:setup.py install is deprecated -W ignore:easy_install command is deprecated setup.py egg_info --egg-base ../../build/signal_processing build --build-base /home/reiv/workspace/MR_week1/Challenge_1/build/signal_processing/build install --record /home/reiv/workspace/MR_week1/Challenge_1/build/signal_processing/install.log --single-version-externally-managed install_data
