[0.578s] Invoking command in '/home/reiv/workspace/MR_week1/Challenge_1/src/signal_processing': PYTHONPATH=/home/reiv/workspace/MR_week1/Challenge_1/build/signal_processing/prefix_override:/usr/lib/python3/dist-packages/colcon_core/task/python/colcon_distutils_commands:/home/reiv/workspace/MR_week1/Challenge_1/install/signal_processing/lib/python3.10/site-packages:${PYTHONPATH} /usr/bin/python3 -W ignore:setup.py install is deprecated -W ignore:easy_install command is deprecated setup.py egg_info --egg-base ../../build/signal_processing build --build-base /home/reiv/workspace/MR_week1/Challenge_1/build/signal_processing/build install --record /home/reiv/workspace/MR_week1/Challenge_1/build/signal_processing/install.log --single-version-externally-managed install_data
[0.728s] running egg_info
[0.728s] creating ../../build/signal_processing/signal_processing.egg-info
[0.728s] writing ../../build/signal_processing/signal_processing.egg-info/PKG-INFO
[0.728s] writing dependency_links to ../../build/signal_processing/signal_processing.egg-info/dependency_links.txt
[0.728s] writing entry points to ../../build/signal_processing/signal_processing.egg-info/entry_points.txt
[0.728s] writing requirements to ../../build/signal_processing/signal_processing.egg-info/requires.txt
[0.728s] writing top-level names to ../../build/signal_processing/signal_processing.egg-info/top_level.txt
[0.728s] writing manifest file '../../build/signal_processing/signal_processing.egg-info/SOURCES.txt'
[0.729s] reading manifest file '../../build/signal_processing/signal_processing.egg-info/SOURCES.txt'
[0.730s] writing manifest file '../../build/signal_processing/signal_processing.egg-info/SOURCES.txt'
[0.730s] running build
[0.730s] running build_py
[0.730s] creating /home/reiv/workspace/MR_week1/Challenge_1/build/signal_processing/build
[0.730s] creating /home/reiv/workspace/MR_week1/Challenge_1/build/signal_processing/build/lib
[0.730s] creating /home/reiv/workspace/MR_week1/Challenge_1/build/signal_processing/build/lib/signal_processing
[0.730s] copying signal_processing/__init__.py -> /home/reiv/workspace/MR_week1/Challenge_1/build/signal_processing/build/lib/signal_processing
[0.730s] running install
[0.730s] running install_lib
[0.731s] creating /home/reiv/workspace/MR_week1/Challenge_1/install/signal_processing/lib/python3.10/site-packages/signal_processing
[0.731s] copying /home/reiv/workspace/MR_week1/Challenge_1/build/signal_processing/build/lib/signal_processing/__init__.py -> /home/reiv/workspace/MR_week1/Challenge_1/install/signal_processing/lib/python3.10/site-packages/signal_processing
[0.731s] byte-compiling /home/reiv/workspace/MR_week1/Challenge_1/install/signal_processing/lib/python3.10/site-packages/signal_processing/__init__.py to __init__.cpython-310.pyc
[0.731s] running install_data
[0.731s] creating /home/reiv/workspace/MR_week1/Challenge_1/install/signal_processing/share/ament_index
[0.732s] creating /home/reiv/workspace/MR_week1/Challenge_1/install/signal_processing/share/ament_index/resource_index
[0.732s] creating /home/reiv/workspace/MR_week1/Challenge_1/install/signal_processing/share/ament_index/resource_index/packages
[0.732s] copying resource/signal_processing -> /home/reiv/workspace/MR_week1/Challenge_1/install/signal_processing/share/ament_index/resource_index/packages
[0.732s] copying package.xml -> /home/reiv/workspace/MR_week1/Challenge_1/install/signal_processing/share/signal_processing
[0.732s] running install_egg_info
[0.733s] Copying ../../build/signal_processing/signal_processing.egg-info to /home/reiv/workspace/MR_week1/Challenge_1/install/signal_processing/lib/python3.10/site-packages/signal_processing-0.0.0-py3.10.egg-info
[0.733s] running install_scripts
[0.748s] writing list of installed files to '/home/reiv/workspace/MR_week1/Challenge_1/build/signal_processing/install.log'
[0.766s] Invoked command in '/home/reiv/workspace/MR_week1/Challenge_1/src/signal_processing' returned '0': PYTHONPATH=/home/reiv/workspace/MR_week1/Challenge_1/build/signal_processing/prefix_override:/usr/lib/python3/dist-packages/colcon_core/task/python/colcon_distutils_commands:/home/reiv/workspace/MR_week1/Challenge_1/install/signal_processing/lib/python3.10/site-packages:${PYTHONPATH} /usr/bin/python3 -W ignore:setup.py install is deprecated -W ignore:easy_install command is deprecated setup.py egg_info --egg-base ../../build/signal_processing build --build-base /home/reiv/workspace/MR_week1/Challenge_1/build/signal_processing/build install --record /home/reiv/workspace/MR_week1/Challenge_1/build/signal_processing/install.log --single-version-externally-managed install_data
