[0.495s] Invoking command in '/home/reiv/workspace/MR_week1/Challenge_1/src/signal_processing': PYTHONPATH=/home/reiv/workspace/MR_week1/Challenge_1/build/signal_processing/prefix_override:/usr/lib/python3/dist-packages/colcon_core/task/python/colcon_distutils_commands:/home/reiv/workspace/MR_week1/Challenge_1/install/signal_processing/lib/python3.10/site-packages:${PYTHONPATH} /usr/bin/python3 -W ignore:setup.py install is deprecated -W ignore:easy_install command is deprecated setup.py egg_info --egg-base ../../build/signal_processing build --build-base /home/reiv/workspace/MR_week1/Challenge_1/build/signal_processing/build install --record /home/reiv/workspace/MR_week1/Challenge_1/build/signal_processing/install.log --single-version-externally-managed install_data
[0.681s] running egg_info
[0.682s] writing ../../build/signal_processing/signal_processing.egg-info/PKG-INFO
[0.682s] writing dependency_links to ../../build/signal_processing/signal_processing.egg-info/dependency_links.txt
[0.682s] writing entry points to ../../build/signal_processing/signal_processing.egg-info/entry_points.txt
[0.682s] writing requirements to ../../build/signal_processing/signal_processing.egg-info/requires.txt
[0.682s] writing top-level names to ../../build/signal_processing/signal_processing.egg-info/top_level.txt
[0.683s] reading manifest file '../../build/signal_processing/signal_processing.egg-info/SOURCES.txt'
[0.684s] writing manifest file '../../build/signal_processing/signal_processing.egg-info/SOURCES.txt'
[0.684s] running build
[0.684s] running build_py
[0.684s] copying signal_processing/signal_gen.py -> /home/reiv/workspace/MR_week1/Challenge_1/build/signal_processing/build/lib/signal_processing
[0.684s] copying signal_processing/signal_proc.py -> /home/reiv/workspace/MR_week1/Challenge_1/build/signal_processing/build/lib/signal_processing
[0.684s] running install
[0.684s] running install_lib
[0.685s] copying /home/reiv/workspace/MR_week1/Challenge_1/build/signal_processing/build/lib/signal_processing/signal_gen.py -> /home/reiv/workspace/MR_week1/Challenge_1/install/signal_processing/lib/python3.10/site-packages/signal_processing
[0.685s] copying /home/reiv/workspace/MR_week1/Challenge_1/build/signal_processing/build/lib/signal_processing/signal_proc.py -> /home/reiv/workspace/MR_week1/Challenge_1/install/signal_processing/lib/python3.10/site-packages/signal_processing
[0.685s] byte-compiling /home/reiv/workspace/MR_week1/Challenge_1/install/signal_processing/lib/python3.10/site-packages/signal_processing/signal_gen.py to signal_gen.cpython-310.pyc
[0.686s] byte-compiling /home/reiv/workspace/MR_week1/Challenge_1/install/signal_processing/lib/python3.10/site-packages/signal_processing/signal_proc.py to signal_proc.cpython-310.pyc
[0.686s] running install_data
[0.687s] running install_egg_info
[0.688s] removing '/home/reiv/workspace/MR_week1/Challenge_1/install/signal_processing/lib/python3.10/site-packages/signal_processing-0.0.0-py3.10.egg-info' (and everything under it)
[0.688s] Copying ../../build/signal_processing/signal_processing.egg-info to /home/reiv/workspace/MR_week1/Challenge_1/install/signal_processing/lib/python3.10/site-packages/signal_processing-0.0.0-py3.10.egg-info
[0.689s] running install_scripts
[0.703s] Installing signal_gen script to /home/reiv/workspace/MR_week1/Challenge_1/install/signal_processing/lib/signal_processing
[0.703s] Installing signal_proc script to /home/reiv/workspace/MR_week1/Challenge_1/install/signal_processing/lib/signal_processing
[0.703s] writing list of installed files to '/home/reiv/workspace/MR_week1/Challenge_1/build/signal_processing/install.log'
[0.722s] Invoked command in '/home/reiv/workspace/MR_week1/Challenge_1/src/signal_processing' returned '0': PYTHONPATH=/home/reiv/workspace/MR_week1/Challenge_1/build/signal_processing/prefix_override:/usr/lib/python3/dist-packages/colcon_core/task/python/colcon_distutils_commands:/home/reiv/workspace/MR_week1/Challenge_1/install/signal_processing/lib/python3.10/site-packages:${PYTHONPATH} /usr/bin/python3 -W ignore:setup.py install is deprecated -W ignore:easy_install command is deprecated setup.py egg_info --egg-base ../../build/signal_processing build --build-base /home/reiv/workspace/MR_week1/Challenge_1/build/signal_processing/build install --record /home/reiv/workspace/MR_week1/Challenge_1/build/signal_processing/install.log --single-version-externally-managed install_data
