[0.013s] Invoking command in '/home/reiv/workspace/MR_week2/Challenge_2/build/custom_interfaces': CMAKE_PREFIX_PATH=${CMAKE_PREFIX_PATH}:/home/reiv/workspace/MR_week2/Challenge_2/install/motor_control:/opt/ros/humble /usr/bin/cmake /home/reiv/workspace/MR_week2/Challenge_2/src/custom_interfaces -DCMAKE_INSTALL_PREFIX=/home/reiv/workspace/MR_week2/Challenge_2/install/custom_interfaces
[0.067s] -- The C compiler identification is GNU 11.4.0
[0.118s] -- The CXX compiler identification is GNU 11.4.0
[0.124s] -- Detecting C compiler ABI info
[0.189s] -- Detecting C compiler ABI info - done
[0.194s] -- Check for working C compiler: /usr/bin/cc - skipped
[0.194s] -- Detecting C compile features
[0.195s] -- Detecting C compile features - done
[0.197s] -- Detecting CXX compiler ABI info
[0.274s] -- Detecting CXX compiler ABI info - done
[0.280s] -- Check for working CXX compiler: /usr/bin/c++ - skipped
[0.280s] -- Detecting CXX compile features
[0.281s] -- Detecting CXX compile features - done
[0.282s] -- Found ament_cmake: 1.3.13 (/opt/ros/humble/share/ament_cmake/cmake)
[0.402s] -- Found Python3: /usr/bin/python3 (found version "3.10.12") found components: Interpreter 
[0.474s] -- Found std_msgs: 4.9.1 (/opt/ros/humble/share/std_msgs/cmake)
[0.500s] -- Found rosidl_generator_c: 3.1.8 (/opt/ros/humble/share/rosidl_generator_c/cmake)
[0.503s] -- Found rosidl_adapter: 3.1.8 (/opt/ros/humble/share/rosidl_adapter/cmake)
[0.510s] -- Found rosidl_generator_cpp: 3.1.8 (/opt/ros/humble/share/rosidl_generator_cpp/cmake)
[0.518s] -- Using all available rosidl_typesupport_c: rosidl_typesupport_fastrtps_c;rosidl_typesupport_introspection_c
[0.530s] -- Using all available rosidl_typesupport_cpp: rosidl_typesupport_fastrtps_cpp;rosidl_typesupport_introspection_cpp
[0.548s] -- Found geometry_msgs: 4.9.1 (/opt/ros/humble/share/geometry_msgs/cmake)
[0.557s] -- Found rosidl_default_generators: 1.2.0 (/opt/ros/humble/share/rosidl_default_generators/cmake)
[0.776s] -- Found ament_cmake_ros: 0.10.0 (/opt/ros/humble/share/ament_cmake_ros/cmake)
[1.074s] -- Using all available rosidl_typesupport_c: rosidl_typesupport_fastrtps_c;rosidl_typesupport_introspection_c
[1.204s] -- Using all available rosidl_typesupport_cpp: rosidl_typesupport_fastrtps_cpp;rosidl_typesupport_introspection_cpp
[1.226s] -- Found PythonInterp: /usr/bin/python3 (found suitable version "3.10.12", minimum required is "3.6") 
[1.227s] -- Found python_cmake_module: 0.10.0 (/opt/ros/humble/share/python_cmake_module/cmake)
[1.254s] -- Found PythonLibs: /usr/lib/x86_64-linux-gnu/libpython3.10.so (found suitable version "3.10.12", minimum required is "3.5") 
[1.254s] -- Using PYTHON_EXECUTABLE: /usr/bin/python3
[1.254s] -- Using PYTHON_INCLUDE_DIRS: /usr/include/python3.10
[1.255s] -- Using PYTHON_LIBRARIES: /usr/lib/x86_64-linux-gnu/libpython3.10.so
[1.280s] -- Found PythonExtra: .so  
[1.323s] -- Found ament_lint_auto: 0.12.15 (/opt/ros/humble/share/ament_lint_auto/cmake)
[1.338s] -- Added test 'lint_cmake' to check CMake code style
[1.339s] -- Added test 'xmllint' to check XML markup files
[1.342s] -- Configuring done
[1.375s] -- Generating done
[1.387s] -- Build files have been written to: /home/reiv/workspace/MR_week2/Challenge_2/build/custom_interfaces
[1.401s] Invoked command in '/home/reiv/workspace/MR_week2/Challenge_2/build/custom_interfaces' returned '0': CMAKE_PREFIX_PATH=${CMAKE_PREFIX_PATH}:/home/reiv/workspace/MR_week2/Challenge_2/install/motor_control:/opt/ros/humble /usr/bin/cmake /home/reiv/workspace/MR_week2/Challenge_2/src/custom_interfaces -DCMAKE_INSTALL_PREFIX=/home/reiv/workspace/MR_week2/Challenge_2/install/custom_interfaces
[1.403s] Invoking command in '/home/reiv/workspace/MR_week2/Challenge_2/build/custom_interfaces': CMAKE_PREFIX_PATH=${CMAKE_PREFIX_PATH}:/home/reiv/workspace/MR_week2/Challenge_2/install/motor_control:/opt/ros/humble /usr/bin/cmake --build /home/reiv/workspace/MR_week2/Challenge_2/build/custom_interfaces -- -j12 -l12
[1.447s] [  3%] [34m[1mGenerating C code for ROS interfaces[0m
[1.456s] [  6%] [34m[1mGenerating C++ code for ROS interfaces[0m
[1.466s] [  6%] Built target ament_cmake_python_copy_custom_interfaces
[1.665s] running egg_info
[1.665s] creating custom_interfaces.egg-info
[1.666s] writing custom_interfaces.egg-info/PKG-INFO
[1.666s] writing dependency_links to custom_interfaces.egg-info/dependency_links.txt
[1.666s] writing top-level names to custom_interfaces.egg-info/top_level.txt
[1.666s] writing manifest file 'custom_interfaces.egg-info/SOURCES.txt'
[1.668s] reading manifest file 'custom_interfaces.egg-info/SOURCES.txt'
[1.669s] writing manifest file 'custom_interfaces.egg-info/SOURCES.txt'
[1.703s] [  9%] [32mBuilding C object CMakeFiles/custom_interfaces__rosidl_generator_c.dir/rosidl_generator_c/custom_interfaces/srv/detail/set_process_bool__functions.c.o[0m
[1.709s] [  9%] Built target ament_cmake_python_build_custom_interfaces_egg
[1.709s] [  9%] Built target custom_interfaces__cpp
[1.720s] [ 19%] [34m[1mGenerating C++ type support for eProsima Fast-RTPS[0m
[1.720s] [ 19%] [34m[1mGenerating C++ introspection for ROS interfaces[0m
[1.720s] [ 19%] [34m[1mGenerating C++ type support dispatch for ROS interfaces[0m
[1.758s] [ 22%] [32m[1mLinking C shared library libcustom_interfaces__rosidl_generator_c.so[0m
[1.798s] [ 22%] Built target custom_interfaces__rosidl_generator_c
[1.809s] [ 29%] [34m[1mGenerating C type support dispatch for ROS interfaces[0m
[1.809s] [ 29%] [34m[1mGenerating C type support for eProsima Fast-RTPS[0m
[1.813s] [ 32%] [34m[1mGenerating C introspection for ROS interfaces[0m
[1.952s] [ 35%] [32mBuilding CXX object CMakeFiles/custom_interfaces__rosidl_typesupport_cpp.dir/rosidl_typesupport_cpp/custom_interfaces/srv/set_process_bool__type_support.cpp.o[0m
[1.973s] [ 38%] [32mBuilding CXX object CMakeFiles/custom_interfaces__rosidl_typesupport_introspection_cpp.dir/rosidl_typesupport_introspection_cpp/custom_interfaces/srv/detail/set_process_bool__type_support.cpp.o[0m
[1.994s] [ 41%] [32mBuilding CXX object CMakeFiles/custom_interfaces__rosidl_typesupport_fastrtps_cpp.dir/rosidl_typesupport_fastrtps_cpp/custom_interfaces/srv/detail/dds_fastrtps/set_process_bool__type_support.cpp.o[0m
[2.057s] [ 45%] [32mBuilding CXX object CMakeFiles/custom_interfaces__rosidl_typesupport_c.dir/rosidl_typesupport_c/custom_interfaces/srv/set_process_bool__type_support.cpp.o[0m
[2.082s] [ 48%] [32mBuilding C object CMakeFiles/custom_interfaces__rosidl_typesupport_introspection_c.dir/rosidl_typesupport_introspection_c/custom_interfaces/srv/detail/set_process_bool__type_support.c.o[0m
[2.094s] [ 51%] [32m[1mLinking CXX shared library libcustom_interfaces__rosidl_typesupport_c.so[0m
[2.126s] [ 54%] [32m[1mLinking C shared library libcustom_interfaces__rosidl_typesupport_introspection_c.so[0m
[2.142s] [ 54%] Built target custom_interfaces__rosidl_typesupport_c
[2.161s] [ 54%] Built target custom_interfaces__rosidl_typesupport_introspection_c
[2.171s] [ 58%] [32mBuilding CXX object CMakeFiles/custom_interfaces__rosidl_typesupport_fastrtps_c.dir/rosidl_typesupport_fastrtps_c/custom_interfaces/srv/detail/set_process_bool__type_support_c.cpp.o[0m
[2.217s] [ 61%] [32m[1mLinking CXX shared library libcustom_interfaces__rosidl_typesupport_cpp.so[0m
[2.262s] [ 61%] Built target custom_interfaces__rosidl_typesupport_cpp
[2.336s] [ 64%] [32m[1mLinking CXX shared library libcustom_interfaces__rosidl_typesupport_introspection_cpp.so[0m
[2.392s] [ 67%] [32m[1mLinking CXX shared library libcustom_interfaces__rosidl_typesupport_fastrtps_cpp.so[0m
[2.419s] [ 67%] Built target custom_interfaces__rosidl_typesupport_introspection_cpp
[2.482s] [ 67%] Built target custom_interfaces__rosidl_typesupport_fastrtps_cpp
[2.497s] [ 70%] [32m[1mLinking CXX shared library libcustom_interfaces__rosidl_typesupport_fastrtps_c.so[0m
[2.562s] [ 70%] Built target custom_interfaces__rosidl_typesupport_fastrtps_c
[2.583s] [ 70%] Built target custom_interfaces
[2.602s] [ 74%] [34m[1mGenerating Python code for ROS interfaces[0m
[2.884s] [ 74%] Built target custom_interfaces__py
[2.905s] [ 77%] [32mBuilding C object CMakeFiles/custom_interfaces__rosidl_generator_py.dir/rosidl_generator_py/custom_interfaces/srv/_set_process_bool_s.c.o[0m
[2.988s] [ 80%] [32m[1mLinking C shared library rosidl_generator_py/custom_interfaces/libcustom_interfaces__rosidl_generator_py.so[0m
[3.025s] [ 80%] Built target custom_interfaces__rosidl_generator_py
[3.045s] [ 90%] [32mBuilding C object CMakeFiles/custom_interfaces__rosidl_typesupport_introspection_c__pyext.dir/rosidl_generator_py/custom_interfaces/_custom_interfaces_s.ep.rosidl_typesupport_introspection_c.c.o[0m
[3.045s] [ 90%] [32mBuilding C object CMakeFiles/custom_interfaces__rosidl_typesupport_fastrtps_c__pyext.dir/rosidl_generator_py/custom_interfaces/_custom_interfaces_s.ep.rosidl_typesupport_fastrtps_c.c.o[0m
[3.045s] [ 90%] [32mBuilding C object CMakeFiles/custom_interfaces__rosidl_typesupport_c__pyext.dir/rosidl_generator_py/custom_interfaces/_custom_interfaces_s.ep.rosidl_typesupport_c.c.o[0m
[3.129s] [100%] [32m[1mLinking C shared library rosidl_generator_py/custom_interfaces/custom_interfaces_s__rosidl_typesupport_fastrtps_c.cpython-310-x86_64-linux-gnu.so[0m
[3.129s] [100%] [32m[1mLinking C shared library rosidl_generator_py/custom_interfaces/custom_interfaces_s__rosidl_typesupport_introspection_c.cpython-310-x86_64-linux-gnu.so[0m
[3.129s] [100%] [32m[1mLinking C shared library rosidl_generator_py/custom_interfaces/custom_interfaces_s__rosidl_typesupport_c.cpython-310-x86_64-linux-gnu.so[0m
[3.167s] [100%] Built target custom_interfaces__rosidl_typesupport_introspection_c__pyext
[3.167s] [100%] Built target custom_interfaces__rosidl_typesupport_c__pyext
[3.169s] [100%] Built target custom_interfaces__rosidl_typesupport_fastrtps_c__pyext
[3.183s] Invoked command in '/home/reiv/workspace/MR_week2/Challenge_2/build/custom_interfaces' returned '0': CMAKE_PREFIX_PATH=${CMAKE_PREFIX_PATH}:/home/reiv/workspace/MR_week2/Challenge_2/install/motor_control:/opt/ros/humble /usr/bin/cmake --build /home/reiv/workspace/MR_week2/Challenge_2/build/custom_interfaces -- -j12 -l12
[3.194s] Invoking command in '/home/reiv/workspace/MR_week2/Challenge_2/build/custom_interfaces': CMAKE_PREFIX_PATH=${CMAKE_PREFIX_PATH}:/home/reiv/workspace/MR_week2/Challenge_2/install/motor_control:/opt/ros/humble /usr/bin/cmake --install /home/reiv/workspace/MR_week2/Challenge_2/build/custom_interfaces
[3.203s] -- Install configuration: ""
[3.203s] -- Installing: /home/reiv/workspace/MR_week2/Challenge_2/install/custom_interfaces/share/ament_index/resource_index/rosidl_interfaces/custom_interfaces
[3.203s] -- Installing: /home/reiv/workspace/MR_week2/Challenge_2/install/custom_interfaces/include/custom_interfaces/custom_interfaces
[3.203s] -- Installing: /home/reiv/workspace/MR_week2/Challenge_2/install/custom_interfaces/include/custom_interfaces/custom_interfaces/msg
[3.203s] -- Installing: /home/reiv/workspace/MR_week2/Challenge_2/install/custom_interfaces/include/custom_interfaces/custom_interfaces/msg/rosidl_generator_c__visibility_control.h
[3.203s] -- Installing: /home/reiv/workspace/MR_week2/Challenge_2/install/custom_interfaces/include/custom_interfaces/custom_interfaces/srv
[3.203s] -- Installing: /home/reiv/workspace/MR_week2/Challenge_2/install/custom_interfaces/include/custom_interfaces/custom_interfaces/srv/detail
[3.203s] -- Installing: /home/reiv/workspace/MR_week2/Challenge_2/install/custom_interfaces/include/custom_interfaces/custom_interfaces/srv/detail/set_process_bool__functions.c
[3.203s] -- Installing: /home/reiv/workspace/MR_week2/Challenge_2/install/custom_interfaces/include/custom_interfaces/custom_interfaces/srv/detail/set_process_bool__type_support.h
[3.204s] -- Installing: /home/reiv/workspace/MR_week2/Challenge_2/install/custom_interfaces/include/custom_interfaces/custom_interfaces/srv/detail/set_process_bool__functions.h
[3.204s] -- Installing: /home/reiv/workspace/MR_week2/Challenge_2/install/custom_interfaces/include/custom_interfaces/custom_interfaces/srv/detail/set_process_bool__struct.h
[3.204s] -- Installing: /home/reiv/workspace/MR_week2/Challenge_2/install/custom_interfaces/include/custom_interfaces/custom_interfaces/srv/set_process_bool.h
[3.204s] -- Installing: /home/reiv/workspace/MR_week2/Challenge_2/install/custom_interfaces/share/custom_interfaces/environment/library_path.sh
[3.204s] -- Installing: /home/reiv/workspace/MR_week2/Challenge_2/install/custom_interfaces/share/custom_interfaces/environment/library_path.dsv
[3.204s] -- Installing: /home/reiv/workspace/MR_week2/Challenge_2/install/custom_interfaces/lib/libcustom_interfaces__rosidl_generator_c.so
[3.205s] -- Set runtime path of "/home/reiv/workspace/MR_week2/Challenge_2/install/custom_interfaces/lib/libcustom_interfaces__rosidl_generator_c.so" to ""
[3.205s] -- Up-to-date: /home/reiv/workspace/MR_week2/Challenge_2/install/custom_interfaces/include/custom_interfaces/custom_interfaces
[3.205s] -- Up-to-date: /home/reiv/workspace/MR_week2/Challenge_2/install/custom_interfaces/include/custom_interfaces/custom_interfaces/msg
[3.205s] -- Installing: /home/reiv/workspace/MR_week2/Challenge_2/install/custom_interfaces/include/custom_interfaces/custom_interfaces/msg/rosidl_typesupport_fastrtps_c__visibility_control.h
[3.205s] -- Up-to-date: /home/reiv/workspace/MR_week2/Challenge_2/install/custom_interfaces/include/custom_interfaces/custom_interfaces/srv
[3.205s] -- Up-to-date: /home/reiv/workspace/MR_week2/Challenge_2/install/custom_interfaces/include/custom_interfaces/custom_interfaces/srv/detail
[3.205s] -- Installing: /home/reiv/workspace/MR_week2/Challenge_2/install/custom_interfaces/include/custom_interfaces/custom_interfaces/srv/detail/set_process_bool__rosidl_typesupport_fastrtps_c.h
[3.205s] -- Installing: /home/reiv/workspace/MR_week2/Challenge_2/install/custom_interfaces/lib/libcustom_interfaces__rosidl_typesupport_fastrtps_c.so
[3.205s] -- Set runtime path of "/home/reiv/workspace/MR_week2/Challenge_2/install/custom_interfaces/lib/libcustom_interfaces__rosidl_typesupport_fastrtps_c.so" to ""
[3.205s] -- Up-to-date: /home/reiv/workspace/MR_week2/Challenge_2/install/custom_interfaces/include/custom_interfaces/custom_interfaces
[3.206s] -- Up-to-date: /home/reiv/workspace/MR_week2/Challenge_2/install/custom_interfaces/include/custom_interfaces/custom_interfaces/msg
[3.206s] -- Installing: /home/reiv/workspace/MR_week2/Challenge_2/install/custom_interfaces/include/custom_interfaces/custom_interfaces/msg/rosidl_generator_cpp__visibility_control.hpp
[3.206s] -- Up-to-date: /home/reiv/workspace/MR_week2/Challenge_2/install/custom_interfaces/include/custom_interfaces/custom_interfaces/srv
[3.206s] -- Up-to-date: /home/reiv/workspace/MR_week2/Challenge_2/install/custom_interfaces/include/custom_interfaces/custom_interfaces/srv/detail
[3.206s] -- Installing: /home/reiv/workspace/MR_week2/Challenge_2/install/custom_interfaces/include/custom_interfaces/custom_interfaces/srv/detail/set_process_bool__type_support.hpp
[3.206s] -- Installing: /home/reiv/workspace/MR_week2/Challenge_2/install/custom_interfaces/include/custom_interfaces/custom_interfaces/srv/detail/set_process_bool__traits.hpp
[3.206s] -- Installing: /home/reiv/workspace/MR_week2/Challenge_2/install/custom_interfaces/include/custom_interfaces/custom_interfaces/srv/detail/set_process_bool__builder.hpp
[3.206s] -- Installing: /home/reiv/workspace/MR_week2/Challenge_2/install/custom_interfaces/include/custom_interfaces/custom_interfaces/srv/detail/set_process_bool__struct.hpp
[3.206s] -- Installing: /home/reiv/workspace/MR_week2/Challenge_2/install/custom_interfaces/include/custom_interfaces/custom_interfaces/srv/set_process_bool.hpp
[3.206s] -- Up-to-date: /home/reiv/workspace/MR_week2/Challenge_2/install/custom_interfaces/include/custom_interfaces/custom_interfaces
[3.206s] -- Up-to-date: /home/reiv/workspace/MR_week2/Challenge_2/install/custom_interfaces/include/custom_interfaces/custom_interfaces/msg
[3.206s] -- Installing: /home/reiv/workspace/MR_week2/Challenge_2/install/custom_interfaces/include/custom_interfaces/custom_interfaces/msg/rosidl_typesupport_fastrtps_cpp__visibility_control.h
[3.206s] -- Up-to-date: /home/reiv/workspace/MR_week2/Challenge_2/install/custom_interfaces/include/custom_interfaces/custom_interfaces/srv
[3.206s] -- Up-to-date: /home/reiv/workspace/MR_week2/Challenge_2/install/custom_interfaces/include/custom_interfaces/custom_interfaces/srv/detail
[3.207s] -- Installing: /home/reiv/workspace/MR_week2/Challenge_2/install/custom_interfaces/include/custom_interfaces/custom_interfaces/srv/detail/set_process_bool__rosidl_typesupport_fastrtps_cpp.hpp
[3.207s] -- Installing: /home/reiv/workspace/MR_week2/Challenge_2/install/custom_interfaces/include/custom_interfaces/custom_interfaces/srv/detail/dds_fastrtps
[3.207s] -- Installing: /home/reiv/workspace/MR_week2/Challenge_2/install/custom_interfaces/lib/libcustom_interfaces__rosidl_typesupport_fastrtps_cpp.so
[3.207s] -- Set runtime path of "/home/reiv/workspace/MR_week2/Challenge_2/install/custom_interfaces/lib/libcustom_interfaces__rosidl_typesupport_fastrtps_cpp.so" to ""
[3.207s] -- Up-to-date: /home/reiv/workspace/MR_week2/Challenge_2/install/custom_interfaces/include/custom_interfaces/custom_interfaces
[3.207s] -- Up-to-date: /home/reiv/workspace/MR_week2/Challenge_2/install/custom_interfaces/include/custom_interfaces/custom_interfaces/msg
[3.207s] -- Installing: /home/reiv/workspace/MR_week2/Challenge_2/install/custom_interfaces/include/custom_interfaces/custom_interfaces/msg/rosidl_typesupport_introspection_c__visibility_control.h
[3.207s] -- Up-to-date: /home/reiv/workspace/MR_week2/Challenge_2/install/custom_interfaces/include/custom_interfaces/custom_interfaces/srv
[3.207s] -- Up-to-date: /home/reiv/workspace/MR_week2/Challenge_2/install/custom_interfaces/include/custom_interfaces/custom_interfaces/srv/detail
[3.207s] -- Installing: /home/reiv/workspace/MR_week2/Challenge_2/install/custom_interfaces/include/custom_interfaces/custom_interfaces/srv/detail/set_process_bool__type_support.c
[3.207s] -- Installing: /home/reiv/workspace/MR_week2/Challenge_2/install/custom_interfaces/include/custom_interfaces/custom_interfaces/srv/detail/set_process_bool__rosidl_typesupport_introspection_c.h
[3.208s] -- Installing: /home/reiv/workspace/MR_week2/Challenge_2/install/custom_interfaces/lib/libcustom_interfaces__rosidl_typesupport_introspection_c.so
[3.208s] -- Set runtime path of "/home/reiv/workspace/MR_week2/Challenge_2/install/custom_interfaces/lib/libcustom_interfaces__rosidl_typesupport_introspection_c.so" to ""
[3.208s] -- Installing: /home/reiv/workspace/MR_week2/Challenge_2/install/custom_interfaces/lib/libcustom_interfaces__rosidl_typesupport_c.so
[3.208s] -- Set runtime path of "/home/reiv/workspace/MR_week2/Challenge_2/install/custom_interfaces/lib/libcustom_interfaces__rosidl_typesupport_c.so" to ""
[3.208s] -- Up-to-date: /home/reiv/workspace/MR_week2/Challenge_2/install/custom_interfaces/include/custom_interfaces/custom_interfaces
[3.208s] -- Up-to-date: /home/reiv/workspace/MR_week2/Challenge_2/install/custom_interfaces/include/custom_interfaces/custom_interfaces/srv
[3.209s] -- Up-to-date: /home/reiv/workspace/MR_week2/Challenge_2/install/custom_interfaces/include/custom_interfaces/custom_interfaces/srv/detail
[3.209s] -- Installing: /home/reiv/workspace/MR_week2/Challenge_2/install/custom_interfaces/include/custom_interfaces/custom_interfaces/srv/detail/set_process_bool__type_support.cpp
[3.209s] -- Installing: /home/reiv/workspace/MR_week2/Challenge_2/install/custom_interfaces/include/custom_interfaces/custom_interfaces/srv/detail/set_process_bool__rosidl_typesupport_introspection_cpp.hpp
[3.209s] -- Installing: /home/reiv/workspace/MR_week2/Challenge_2/install/custom_interfaces/lib/libcustom_interfaces__rosidl_typesupport_introspection_cpp.so
[3.209s] -- Set runtime path of "/home/reiv/workspace/MR_week2/Challenge_2/install/custom_interfaces/lib/libcustom_interfaces__rosidl_typesupport_introspection_cpp.so" to ""
[3.209s] -- Installing: /home/reiv/workspace/MR_week2/Challenge_2/install/custom_interfaces/lib/libcustom_interfaces__rosidl_typesupport_cpp.so
[3.210s] -- Set runtime path of "/home/reiv/workspace/MR_week2/Challenge_2/install/custom_interfaces/lib/libcustom_interfaces__rosidl_typesupport_cpp.so" to ""
[3.210s] -- Installing: /home/reiv/workspace/MR_week2/Challenge_2/install/custom_interfaces/share/custom_interfaces/environment/pythonpath.sh
[3.210s] -- Installing: /home/reiv/workspace/MR_week2/Challenge_2/install/custom_interfaces/share/custom_interfaces/environment/pythonpath.dsv
[3.210s] -- Installing: /home/reiv/workspace/MR_week2/Challenge_2/install/custom_interfaces/local/lib/python3.10/dist-packages/custom_interfaces-0.0.0-py3.10.egg-info
[3.210s] -- Installing: /home/reiv/workspace/MR_week2/Challenge_2/install/custom_interfaces/local/lib/python3.10/dist-packages/custom_interfaces-0.0.0-py3.10.egg-info/top_level.txt
[3.210s] -- Installing: /home/reiv/workspace/MR_week2/Challenge_2/install/custom_interfaces/local/lib/python3.10/dist-packages/custom_interfaces-0.0.0-py3.10.egg-info/SOURCES.txt
[3.210s] -- Installing: /home/reiv/workspace/MR_week2/Challenge_2/install/custom_interfaces/local/lib/python3.10/dist-packages/custom_interfaces-0.0.0-py3.10.egg-info/PKG-INFO
[3.210s] -- Installing: /home/reiv/workspace/MR_week2/Challenge_2/install/custom_interfaces/local/lib/python3.10/dist-packages/custom_interfaces-0.0.0-py3.10.egg-info/dependency_links.txt
[3.211s] -- Installing: /home/reiv/workspace/MR_week2/Challenge_2/install/custom_interfaces/local/lib/python3.10/dist-packages/custom_interfaces
[3.211s] -- Installing: /home/reiv/workspace/MR_week2/Challenge_2/install/custom_interfaces/local/lib/python3.10/dist-packages/custom_interfaces/_custom_interfaces_s.ep.rosidl_typesupport_fastrtps_c.c
[3.211s] -- Installing: /home/reiv/workspace/MR_week2/Challenge_2/install/custom_interfaces/local/lib/python3.10/dist-packages/custom_interfaces/_custom_interfaces_s.ep.rosidl_typesupport_c.c
[3.211s] -- Installing: /home/reiv/workspace/MR_week2/Challenge_2/install/custom_interfaces/local/lib/python3.10/dist-packages/custom_interfaces/custom_interfaces_s__rosidl_typesupport_introspection_c.cpython-310-x86_64-linux-gnu.so
[3.211s] -- Installing: /home/reiv/workspace/MR_week2/Challenge_2/install/custom_interfaces/local/lib/python3.10/dist-packages/custom_interfaces/srv
[3.211s] -- Installing: /home/reiv/workspace/MR_week2/Challenge_2/install/custom_interfaces/local/lib/python3.10/dist-packages/custom_interfaces/srv/_set_process_bool_s.c
[3.211s] -- Installing: /home/reiv/workspace/MR_week2/Challenge_2/install/custom_interfaces/local/lib/python3.10/dist-packages/custom_interfaces/srv/__init__.py
[3.211s] -- Installing: /home/reiv/workspace/MR_week2/Challenge_2/install/custom_interfaces/local/lib/python3.10/dist-packages/custom_interfaces/srv/_set_process_bool.py
[3.212s] -- Installing: /home/reiv/workspace/MR_week2/Challenge_2/install/custom_interfaces/local/lib/python3.10/dist-packages/custom_interfaces/_custom_interfaces_s.ep.rosidl_typesupport_introspection_c.c
[3.212s] -- Installing: /home/reiv/workspace/MR_week2/Challenge_2/install/custom_interfaces/local/lib/python3.10/dist-packages/custom_interfaces/__init__.py
[3.212s] -- Installing: /home/reiv/workspace/MR_week2/Challenge_2/install/custom_interfaces/local/lib/python3.10/dist-packages/custom_interfaces/custom_interfaces_s__rosidl_typesupport_fastrtps_c.cpython-310-x86_64-linux-gnu.so
[3.212s] -- Installing: /home/reiv/workspace/MR_week2/Challenge_2/install/custom_interfaces/local/lib/python3.10/dist-packages/custom_interfaces/custom_interfaces_s__rosidl_typesupport_c.cpython-310-x86_64-linux-gnu.so
[3.212s] -- Installing: /home/reiv/workspace/MR_week2/Challenge_2/install/custom_interfaces/local/lib/python3.10/dist-packages/custom_interfaces/libcustom_interfaces__rosidl_generator_py.so
[3.241s] Listing '/home/reiv/workspace/MR_week2/Challenge_2/install/custom_interfaces/local/lib/python3.10/dist-packages/custom_interfaces'...
[3.241s] Compiling '/home/reiv/workspace/MR_week2/Challenge_2/install/custom_interfaces/local/lib/python3.10/dist-packages/custom_interfaces/__init__.py'...
[3.241s] Listing '/home/reiv/workspace/MR_week2/Challenge_2/install/custom_interfaces/local/lib/python3.10/dist-packages/custom_interfaces/srv'...
[3.241s] Compiling '/home/reiv/workspace/MR_week2/Challenge_2/install/custom_interfaces/local/lib/python3.10/dist-packages/custom_interfaces/srv/__init__.py'...
[3.242s] Compiling '/home/reiv/workspace/MR_week2/Challenge_2/install/custom_interfaces/local/lib/python3.10/dist-packages/custom_interfaces/srv/_set_process_bool.py'...
[3.246s] -- Installing: /home/reiv/workspace/MR_week2/Challenge_2/install/custom_interfaces/local/lib/python3.10/dist-packages/custom_interfaces/custom_interfaces_s__rosidl_typesupport_fastrtps_c.cpython-310-x86_64-linux-gnu.so
[3.246s] -- Set runtime path of "/home/reiv/workspace/MR_week2/Challenge_2/install/custom_interfaces/local/lib/python3.10/dist-packages/custom_interfaces/custom_interfaces_s__rosidl_typesupport_fastrtps_c.cpython-310-x86_64-linux-gnu.so" to ""
[3.246s] -- Installing: /home/reiv/workspace/MR_week2/Challenge_2/install/custom_interfaces/local/lib/python3.10/dist-packages/custom_interfaces/custom_interfaces_s__rosidl_typesupport_introspection_c.cpython-310-x86_64-linux-gnu.so
[3.247s] -- Set runtime path of "/home/reiv/workspace/MR_week2/Challenge_2/install/custom_interfaces/local/lib/python3.10/dist-packages/custom_interfaces/custom_interfaces_s__rosidl_typesupport_introspection_c.cpython-310-x86_64-linux-gnu.so" to ""
[3.247s] -- Installing: /home/reiv/workspace/MR_week2/Challenge_2/install/custom_interfaces/local/lib/python3.10/dist-packages/custom_interfaces/custom_interfaces_s__rosidl_typesupport_c.cpython-310-x86_64-linux-gnu.so
[3.247s] -- Set runtime path of "/home/reiv/workspace/MR_week2/Challenge_2/install/custom_interfaces/local/lib/python3.10/dist-packages/custom_interfaces/custom_interfaces_s__rosidl_typesupport_c.cpython-310-x86_64-linux-gnu.so" to ""
[3.247s] -- Installing: /home/reiv/workspace/MR_week2/Challenge_2/install/custom_interfaces/lib/libcustom_interfaces__rosidl_generator_py.so
[3.248s] -- Set runtime path of "/home/reiv/workspace/MR_week2/Challenge_2/install/custom_interfaces/lib/libcustom_interfaces__rosidl_generator_py.so" to ""
[3.248s] -- Installing: /home/reiv/workspace/MR_week2/Challenge_2/install/custom_interfaces/share/custom_interfaces/srv/SetProcessBool.idl
[3.248s] -- Installing: /home/reiv/workspace/MR_week2/Challenge_2/install/custom_interfaces/share/custom_interfaces/srv/SetProcessBool.srv
[3.248s] -- Installing: /home/reiv/workspace/MR_week2/Challenge_2/install/custom_interfaces/share/custom_interfaces/srv/SetProcessBool_Request.msg
[3.248s] -- Installing: /home/reiv/workspace/MR_week2/Challenge_2/install/custom_interfaces/share/custom_interfaces/srv/SetProcessBool_Response.msg
[3.248s] -- Installing: /home/reiv/workspace/MR_week2/Challenge_2/install/custom_interfaces/share/ament_index/resource_index/package_run_dependencies/custom_interfaces
[3.249s] -- Installing: /home/reiv/workspace/MR_week2/Challenge_2/install/custom_interfaces/share/ament_index/resource_index/parent_prefix_path/custom_interfaces
[3.249s] -- Installing: /home/reiv/workspace/MR_week2/Challenge_2/install/custom_interfaces/share/custom_interfaces/environment/ament_prefix_path.sh
[3.249s] -- Installing: /home/reiv/workspace/MR_week2/Challenge_2/install/custom_interfaces/share/custom_interfaces/environment/ament_prefix_path.dsv
[3.249s] -- Installing: /home/reiv/workspace/MR_week2/Challenge_2/install/custom_interfaces/share/custom_interfaces/environment/path.sh
[3.249s] -- Installing: /home/reiv/workspace/MR_week2/Challenge_2/install/custom_interfaces/share/custom_interfaces/environment/path.dsv
[3.249s] -- Installing: /home/reiv/workspace/MR_week2/Challenge_2/install/custom_interfaces/share/custom_interfaces/local_setup.bash
[3.249s] -- Installing: /home/reiv/workspace/MR_week2/Challenge_2/install/custom_interfaces/share/custom_interfaces/local_setup.sh
[3.249s] -- Installing: /home/reiv/workspace/MR_week2/Challenge_2/install/custom_interfaces/share/custom_interfaces/local_setup.zsh
[3.250s] -- Installing: /home/reiv/workspace/MR_week2/Challenge_2/install/custom_interfaces/share/custom_interfaces/local_setup.dsv
[3.250s] -- Installing: /home/reiv/workspace/MR_week2/Challenge_2/install/custom_interfaces/share/custom_interfaces/package.dsv
[3.250s] -- Installing: /home/reiv/workspace/MR_week2/Challenge_2/install/custom_interfaces/share/ament_index/resource_index/packages/custom_interfaces
[3.250s] -- Installing: /home/reiv/workspace/MR_week2/Challenge_2/install/custom_interfaces/share/custom_interfaces/cmake/export_custom_interfaces__rosidl_generator_cExport.cmake
[3.250s] -- Installing: /home/reiv/workspace/MR_week2/Challenge_2/install/custom_interfaces/share/custom_interfaces/cmake/export_custom_interfaces__rosidl_generator_cExport-noconfig.cmake
[3.250s] -- Installing: /home/reiv/workspace/MR_week2/Challenge_2/install/custom_interfaces/share/custom_interfaces/cmake/export_custom_interfaces__rosidl_typesupport_fastrtps_cExport.cmake
[3.251s] -- Installing: /home/reiv/workspace/MR_week2/Challenge_2/install/custom_interfaces/share/custom_interfaces/cmake/export_custom_interfaces__rosidl_typesupport_fastrtps_cExport-noconfig.cmake
[3.251s] -- Installing: /home/reiv/workspace/MR_week2/Challenge_2/install/custom_interfaces/share/custom_interfaces/cmake/export_custom_interfaces__rosidl_generator_cppExport.cmake
[3.251s] -- Installing: /home/reiv/workspace/MR_week2/Challenge_2/install/custom_interfaces/share/custom_interfaces/cmake/export_custom_interfaces__rosidl_typesupport_fastrtps_cppExport.cmake
[3.251s] -- Installing: /home/reiv/workspace/MR_week2/Challenge_2/install/custom_interfaces/share/custom_interfaces/cmake/export_custom_interfaces__rosidl_typesupport_fastrtps_cppExport-noconfig.cmake
[3.251s] -- Installing: /home/reiv/workspace/MR_week2/Challenge_2/install/custom_interfaces/share/custom_interfaces/cmake/custom_interfaces__rosidl_typesupport_introspection_cExport.cmake
[3.251s] -- Installing: /home/reiv/workspace/MR_week2/Challenge_2/install/custom_interfaces/share/custom_interfaces/cmake/custom_interfaces__rosidl_typesupport_introspection_cExport-noconfig.cmake
[3.251s] -- Installing: /home/reiv/workspace/MR_week2/Challenge_2/install/custom_interfaces/share/custom_interfaces/cmake/custom_interfaces__rosidl_typesupport_cExport.cmake
[3.252s] -- Installing: /home/reiv/workspace/MR_week2/Challenge_2/install/custom_interfaces/share/custom_interfaces/cmake/custom_interfaces__rosidl_typesupport_cExport-noconfig.cmake
[3.252s] -- Installing: /home/reiv/workspace/MR_week2/Challenge_2/install/custom_interfaces/share/custom_interfaces/cmake/custom_interfaces__rosidl_typesupport_introspection_cppExport.cmake
[3.252s] -- Installing: /home/reiv/workspace/MR_week2/Challenge_2/install/custom_interfaces/share/custom_interfaces/cmake/custom_interfaces__rosidl_typesupport_introspection_cppExport-noconfig.cmake
[3.252s] -- Installing: /home/reiv/workspace/MR_week2/Challenge_2/install/custom_interfaces/share/custom_interfaces/cmake/custom_interfaces__rosidl_typesupport_cppExport.cmake
[3.252s] -- Installing: /home/reiv/workspace/MR_week2/Challenge_2/install/custom_interfaces/share/custom_interfaces/cmake/custom_interfaces__rosidl_typesupport_cppExport-noconfig.cmake
[3.252s] -- Installing: /home/reiv/workspace/MR_week2/Challenge_2/install/custom_interfaces/share/custom_interfaces/cmake/export_custom_interfaces__rosidl_generator_pyExport.cmake
[3.252s] -- Installing: /home/reiv/workspace/MR_week2/Challenge_2/install/custom_interfaces/share/custom_interfaces/cmake/export_custom_interfaces__rosidl_generator_pyExport-noconfig.cmake
[3.252s] -- Installing: /home/reiv/workspace/MR_week2/Challenge_2/install/custom_interfaces/share/custom_interfaces/cmake/rosidl_cmake-extras.cmake
[3.253s] -- Installing: /home/reiv/workspace/MR_week2/Challenge_2/install/custom_interfaces/share/custom_interfaces/cmake/ament_cmake_export_dependencies-extras.cmake
[3.253s] -- Installing: /home/reiv/workspace/MR_week2/Challenge_2/install/custom_interfaces/share/custom_interfaces/cmake/ament_cmake_export_include_directories-extras.cmake
[3.253s] -- Installing: /home/reiv/workspace/MR_week2/Challenge_2/install/custom_interfaces/share/custom_interfaces/cmake/ament_cmake_export_libraries-extras.cmake
[3.253s] -- Installing: /home/reiv/workspace/MR_week2/Challenge_2/install/custom_interfaces/share/custom_interfaces/cmake/ament_cmake_export_targets-extras.cmake
[3.253s] -- Installing: /home/reiv/workspace/MR_week2/Challenge_2/install/custom_interfaces/share/custom_interfaces/cmake/rosidl_cmake_export_typesupport_targets-extras.cmake
[3.253s] -- Installing: /home/reiv/workspace/MR_week2/Challenge_2/install/custom_interfaces/share/custom_interfaces/cmake/rosidl_cmake_export_typesupport_libraries-extras.cmake
[3.253s] -- Installing: /home/reiv/workspace/MR_week2/Challenge_2/install/custom_interfaces/share/custom_interfaces/cmake/custom_interfacesConfig.cmake
[3.254s] -- Installing: /home/reiv/workspace/MR_week2/Challenge_2/install/custom_interfaces/share/custom_interfaces/cmake/custom_interfacesConfig-version.cmake
[3.254s] -- Installing: /home/reiv/workspace/MR_week2/Challenge_2/install/custom_interfaces/share/custom_interfaces/package.xml
[3.256s] Invoked command in '/home/reiv/workspace/MR_week2/Challenge_2/build/custom_interfaces' returned '0': CMAKE_PREFIX_PATH=${CMAKE_PREFIX_PATH}:/home/reiv/workspace/MR_week2/Challenge_2/install/motor_control:/opt/ros/humble /usr/bin/cmake --install /home/reiv/workspace/MR_week2/Challenge_2/build/custom_interfaces
